INFO - 2024-11-10 19:10:03 --> Session: Class initialized using 'CodeIgniter\Session\Handlers\FileHandler' driver.
INFO - 2024-11-10 19:10:03 --> Session: Class initialized using 'CodeIgniter\Session\Handlers\FileHandler' driver.
INFO - 2024-11-10 19:10:07 --> Session: Class initialized using 'CodeIgniter\Session\Handlers\FileHandler' driver.
INFO - 2024-11-10 19:11:04 --> Session: Class initialized using 'CodeIgniter\Session\Handlers\FileHandler' driver.
INFO - 2024-11-10 19:11:05 --> Session: Class initialized using 'CodeIgniter\Session\Handlers\FileHandler' driver.
INFO - 2024-11-10 19:11:09 --> Session: Class initialized using 'CodeIgniter\Session\Handlers\FileHandler' driver.
INFO - 2024-11-10 19:36:07 --> Session: Class initialized using 'CodeIgniter\Session\Handlers\FileHandler' driver.
INFO - 2024-11-10 19:36:08 --> Session: Class initialized using 'CodeIgniter\Session\Handlers\FileHandler' driver.
INFO - 2024-11-10 19:36:23 --> Session: Class initialized using 'CodeIgniter\Session\Handlers\FileHandler' driver.
INFO - 2024-11-10 19:38:18 --> Session: Class initialized using 'CodeIgniter\Session\Handlers\FileHandler' driver.
INFO - 2024-11-10 19:38:18 --> Session: Class initialized using 'CodeIgniter\Session\Handlers\FileHandler' driver.
INFO - 2024-11-10 19:38:27 --> Session: Class initialized using 'CodeIgniter\Session\Handlers\FileHandler' driver.
INFO - 2024-11-10 19:38:38 --> Session: Class initialized using 'CodeIgniter\Session\Handlers\FileHandler' driver.
INFO - 2024-11-10 19:38:44 --> Session: Class initialized using 'CodeIgniter\Session\Handlers\FileHandler' driver.
INFO - 2024-11-10 19:42:34 --> Session: Class initialized using 'CodeIgniter\Session\Handlers\FileHandler' driver.
INFO - 2024-11-10 19:42:34 --> Session: Class initialized using 'CodeIgniter\Session\Handlers\FileHandler' driver.
INFO - 2024-11-10 19:42:41 --> Session: Class initialized using 'CodeIgniter\Session\Handlers\FileHandler' driver.
INFO - 2024-11-10 19:42:46 --> Session: Class initialized using 'CodeIgniter\Session\Handlers\FileHandler' driver.
INFO - 2024-11-10 19:42:55 --> Session: Class initialized using 'CodeIgniter\Session\Handlers\FileHandler' driver.
INFO - 2024-11-10 19:43:10 --> Session: Class initialized using 'CodeIgniter\Session\Handlers\FileHandler' driver.
INFO - 2024-11-10 19:43:19 --> Session: Class initialized using 'CodeIgniter\Session\Handlers\FileHandler' driver.
INFO - 2024-11-10 19:43:23 --> Session: Class initialized using 'CodeIgniter\Session\Handlers\FileHandler' driver.
INFO - 2024-11-10 19:43:24 --> Session: Class initialized using 'CodeIgniter\Session\Handlers\FileHandler' driver.
INFO - 2024-11-10 19:43:33 --> Session: Class initialized using 'CodeIgniter\Session\Handlers\FileHandler' driver.
INFO - 2024-11-10 19:43:35 --> Session: Class initialized using 'CodeIgniter\Session\Handlers\FileHandler' driver.
INFO - 2024-11-10 19:43:43 --> Session: Class initialized using 'CodeIgniter\Session\Handlers\FileHandler' driver.
INFO - 2024-11-10 19:43:45 --> Session: Class initialized using 'CodeIgniter\Session\Handlers\FileHandler' driver.
INFO - 2024-11-10 19:43:53 --> Session: Class initialized using 'CodeIgniter\Session\Handlers\FileHandler' driver.
INFO - 2024-11-10 19:43:55 --> Session: Class initialized using 'CodeIgniter\Session\Handlers\FileHandler' driver.
INFO - 2024-11-10 19:54:22 --> Session: Class initialized using 'CodeIgniter\Session\Handlers\FileHandler' driver.
INFO - 2024-11-10 19:54:22 --> Session: Class initialized using 'CodeIgniter\Session\Handlers\FileHandler' driver.
INFO - 2024-11-10 19:54:33 --> Session: Class initialized using 'CodeIgniter\Session\Handlers\FileHandler' driver.
ERROR - 2024-11-10 19:54:33 --> mysqli_sql_exception: Not unique table/alias: 'businessAd' in C:\xampp\htdocs\ShopUSC\shopuscapp\system\Database\MySQLi\Connection.php:306
Stack trace:
#0 C:\xampp\htdocs\ShopUSC\shopuscapp\system\Database\MySQLi\Connection.php(306): mysqli->query('SELECT `busines...', 0)
#1 C:\xampp\htdocs\ShopUSC\shopuscapp\system\Database\BaseConnection.php(693): CodeIgniter\Database\MySQLi\Connection->execute('SELECT `busines...')
#2 C:\xampp\htdocs\ShopUSC\shopuscapp\system\Database\BaseConnection.php(607): CodeIgniter\Database\BaseConnection->simpleQuery('SELECT `busines...')
#3 C:\xampp\htdocs\ShopUSC\shopuscapp\system\Database\BaseBuilder.php(1616): CodeIgniter\Database\BaseConnection->query('SELECT `busines...', Array, false)
#4 C:\xampp\htdocs\ShopUSC\shopuscapp\system\Model.php(243): CodeIgniter\Database\BaseBuilder->get()
#5 C:\xampp\htdocs\ShopUSC\shopuscapp\system\BaseModel.php(638): CodeIgniter\Model->doFindAll(0, 0)
#6 C:\xampp\htdocs\ShopUSC\shopuscapp\app\Models\BusinessModel.php(75): CodeIgniter\BaseModel->findAll()
#7 C:\xampp\htdocs\ShopUSC\shopuscapp\app\Controllers\BuyerController.php(30): App\Models\BusinessModel->searchBusinessesAndProducts('supreme')
#8 C:\xampp\htdocs\ShopUSC\shopuscapp\system\CodeIgniter.php(943): App\Controllers\BuyerController->index()
#9 C:\xampp\htdocs\ShopUSC\shopuscapp\system\CodeIgniter.php(503): CodeIgniter\CodeIgniter->runController(Object(App\Controllers\BuyerController))
#10 C:\xampp\htdocs\ShopUSC\shopuscapp\system\CodeIgniter.php(361): CodeIgniter\CodeIgniter->handleRequest(NULL, Object(Config\Cache), false)
#11 C:\xampp\htdocs\ShopUSC\shopuscapp\public\index.php(79): CodeIgniter\CodeIgniter->run()
#12 {main}
CRITICAL - 2024-11-10 19:54:33 --> CodeIgniter\Database\Exceptions\DatabaseException: Not unique table/alias: 'businessAd'
in SYSTEMPATH\Database\BaseConnection.php on line 647.
 1 SYSTEMPATH\Database\BaseBuilder.php(1616): CodeIgniter\Database\BaseConnection->query('SELECT `business`.*, `businessAd`.*
FROM `businessad`
JOIN `businessAd` ON `business`.`id` = `businessAd`.`seller_id`
WHERE   (
`business`.`name` LIKE :business.name: ESCAPE \'!\'
OR  `businessAd`.`product` LIKE :businessAd.product: ESCAPE \'!\'
 )', [...], false)
 2 SYSTEMPATH\Model.php(243): CodeIgniter\Database\BaseBuilder->get()
 3 SYSTEMPATH\BaseModel.php(638): CodeIgniter\Model->doFindAll(0, 0)
 4 APPPATH\Models\BusinessModel.php(75): CodeIgniter\BaseModel->findAll()
 5 APPPATH\Controllers\BuyerController.php(30): App\Models\BusinessModel->searchBusinessesAndProducts('supreme')
 6 SYSTEMPATH\CodeIgniter.php(943): App\Controllers\BuyerController->index()
 7 SYSTEMPATH\CodeIgniter.php(503): CodeIgniter\CodeIgniter->runController(Object(App\Controllers\BuyerController))
 8 SYSTEMPATH\CodeIgniter.php(361): CodeIgniter\CodeIgniter->handleRequest(null, Object(Config\Cache), false)
 9 FCPATH\index.php(79): CodeIgniter\CodeIgniter->run()
CRITICAL - 2024-11-10 19:54:33 --> [Caused by] CodeIgniter\Database\Exceptions\DatabaseException: Not unique table/alias: 'businessAd'
in SYSTEMPATH\Database\MySQLi\Connection.php on line 311.
 1 SYSTEMPATH\Database\BaseConnection.php(693): CodeIgniter\Database\MySQLi\Connection->execute('SELECT `business`.*, `businessAd`.*
FROM `businessad`
JOIN `businessAd` ON `business`.`id` = `businessAd`.`seller_id`
WHERE   (
`business`.`name` LIKE \'%supreme%\' ESCAPE \'!\'
OR  `businessAd`.`product` LIKE \'%supreme%\' ESCAPE \'!\'
 )')
 2 SYSTEMPATH\Database\BaseConnection.php(607): CodeIgniter\Database\BaseConnection->simpleQuery('SELECT `business`.*, `businessAd`.*
FROM `businessad`
JOIN `businessAd` ON `business`.`id` = `businessAd`.`seller_id`
WHERE   (
`business`.`name` LIKE \'%supreme%\' ESCAPE \'!\'
OR  `businessAd`.`product` LIKE \'%supreme%\' ESCAPE \'!\'
 )')
 3 SYSTEMPATH\Database\BaseBuilder.php(1616): CodeIgniter\Database\BaseConnection->query('SELECT `business`.*, `businessAd`.*
FROM `businessad`
JOIN `businessAd` ON `business`.`id` = `businessAd`.`seller_id`
WHERE   (
`business`.`name` LIKE :business.name: ESCAPE \'!\'
OR  `businessAd`.`product` LIKE :businessAd.product: ESCAPE \'!\'
 )', [...], false)
 4 SYSTEMPATH\Model.php(243): CodeIgniter\Database\BaseBuilder->get()
 5 SYSTEMPATH\BaseModel.php(638): CodeIgniter\Model->doFindAll(0, 0)
 6 APPPATH\Models\BusinessModel.php(75): CodeIgniter\BaseModel->findAll()
 7 APPPATH\Controllers\BuyerController.php(30): App\Models\BusinessModel->searchBusinessesAndProducts('supreme')
 8 SYSTEMPATH\CodeIgniter.php(943): App\Controllers\BuyerController->index()
 9 SYSTEMPATH\CodeIgniter.php(503): CodeIgniter\CodeIgniter->runController(Object(App\Controllers\BuyerController))
10 SYSTEMPATH\CodeIgniter.php(361): CodeIgniter\CodeIgniter->handleRequest(null, Object(Config\Cache), false)
11 FCPATH\index.php(79): CodeIgniter\CodeIgniter->run()
CRITICAL - 2024-11-10 19:54:33 --> [Caused by] mysqli_sql_exception: Not unique table/alias: 'businessAd'
in SYSTEMPATH\Database\MySQLi\Connection.php on line 306.
 1 SYSTEMPATH\Database\MySQLi\Connection.php(306): mysqli->query('SELECT `business`.*, `businessAd`.*
FROM `businessad`
JOIN `businessAd` ON `business`.`id` = `businessAd`.`seller_id`
WHERE   (
`business`.`name` LIKE \'%supreme%\' ESCAPE \'!\'
OR  `businessAd`.`product` LIKE \'%supreme%\' ESCAPE \'!\'
 )', 0)
 2 SYSTEMPATH\Database\BaseConnection.php(693): CodeIgniter\Database\MySQLi\Connection->execute('SELECT `business`.*, `businessAd`.*
FROM `businessad`
JOIN `businessAd` ON `business`.`id` = `businessAd`.`seller_id`
WHERE   (
`business`.`name` LIKE \'%supreme%\' ESCAPE \'!\'
OR  `businessAd`.`product` LIKE \'%supreme%\' ESCAPE \'!\'
 )')
 3 SYSTEMPATH\Database\BaseConnection.php(607): CodeIgniter\Database\BaseConnection->simpleQuery('SELECT `business`.*, `businessAd`.*
FROM `businessad`
JOIN `businessAd` ON `business`.`id` = `businessAd`.`seller_id`
WHERE   (
`business`.`name` LIKE \'%supreme%\' ESCAPE \'!\'
OR  `businessAd`.`product` LIKE \'%supreme%\' ESCAPE \'!\'
 )')
 4 SYSTEMPATH\Database\BaseBuilder.php(1616): CodeIgniter\Database\BaseConnection->query('SELECT `business`.*, `businessAd`.*
FROM `businessad`
JOIN `businessAd` ON `business`.`id` = `businessAd`.`seller_id`
WHERE   (
`business`.`name` LIKE :business.name: ESCAPE \'!\'
OR  `businessAd`.`product` LIKE :businessAd.product: ESCAPE \'!\'
 )', [...], false)
 5 SYSTEMPATH\Model.php(243): CodeIgniter\Database\BaseBuilder->get()
 6 SYSTEMPATH\BaseModel.php(638): CodeIgniter\Model->doFindAll(0, 0)
 7 APPPATH\Models\BusinessModel.php(75): CodeIgniter\BaseModel->findAll()
 8 APPPATH\Controllers\BuyerController.php(30): App\Models\BusinessModel->searchBusinessesAndProducts('supreme')
 9 SYSTEMPATH\CodeIgniter.php(943): App\Controllers\BuyerController->index()
10 SYSTEMPATH\CodeIgniter.php(503): CodeIgniter\CodeIgniter->runController(Object(App\Controllers\BuyerController))
11 SYSTEMPATH\CodeIgniter.php(361): CodeIgniter\CodeIgniter->handleRequest(null, Object(Config\Cache), false)
12 FCPATH\index.php(79): CodeIgniter\CodeIgniter->run()
INFO - 2024-11-10 19:55:12 --> Session: Class initialized using 'CodeIgniter\Session\Handlers\FileHandler' driver.
ERROR - 2024-11-10 19:55:12 --> mysqli_sql_exception: Not unique table/alias: 'businessAd' in C:\xampp\htdocs\ShopUSC\shopuscapp\system\Database\MySQLi\Connection.php:306
Stack trace:
#0 C:\xampp\htdocs\ShopUSC\shopuscapp\system\Database\MySQLi\Connection.php(306): mysqli->query('SELECT `busines...', 0)
#1 C:\xampp\htdocs\ShopUSC\shopuscapp\system\Database\BaseConnection.php(693): CodeIgniter\Database\MySQLi\Connection->execute('SELECT `busines...')
#2 C:\xampp\htdocs\ShopUSC\shopuscapp\system\Database\BaseConnection.php(607): CodeIgniter\Database\BaseConnection->simpleQuery('SELECT `busines...')
#3 C:\xampp\htdocs\ShopUSC\shopuscapp\system\Database\BaseBuilder.php(1616): CodeIgniter\Database\BaseConnection->query('SELECT `busines...', Array, false)
#4 C:\xampp\htdocs\ShopUSC\shopuscapp\system\Model.php(243): CodeIgniter\Database\BaseBuilder->get()
#5 C:\xampp\htdocs\ShopUSC\shopuscapp\system\BaseModel.php(638): CodeIgniter\Model->doFindAll(0, 0)
#6 C:\xampp\htdocs\ShopUSC\shopuscapp\app\Models\BusinessModel.php(75): CodeIgniter\BaseModel->findAll()
#7 C:\xampp\htdocs\ShopUSC\shopuscapp\app\Controllers\BuyerController.php(30): App\Models\BusinessModel->searchBusinessesAndProducts('supreme')
#8 C:\xampp\htdocs\ShopUSC\shopuscapp\system\CodeIgniter.php(943): App\Controllers\BuyerController->index()
#9 C:\xampp\htdocs\ShopUSC\shopuscapp\system\CodeIgniter.php(503): CodeIgniter\CodeIgniter->runController(Object(App\Controllers\BuyerController))
#10 C:\xampp\htdocs\ShopUSC\shopuscapp\system\CodeIgniter.php(361): CodeIgniter\CodeIgniter->handleRequest(NULL, Object(Config\Cache), false)
#11 C:\xampp\htdocs\ShopUSC\shopuscapp\public\index.php(79): CodeIgniter\CodeIgniter->run()
#12 {main}
CRITICAL - 2024-11-10 19:55:12 --> CodeIgniter\Database\Exceptions\DatabaseException: Not unique table/alias: 'businessAd'
in SYSTEMPATH\Database\BaseConnection.php on line 647.
 1 SYSTEMPATH\Database\BaseBuilder.php(1616): CodeIgniter\Database\BaseConnection->query('SELECT `business`.*, `businessad`.*
FROM `businessad`
JOIN `businessAd` ON `business`.`id` = `businessad`.`seller_id`
WHERE   (
`business`.`name` LIKE :business.name: ESCAPE \'!\'
OR  `businessad`.`product` LIKE :businessad.product: ESCAPE \'!\'
 )', [...], false)
 2 SYSTEMPATH\Model.php(243): CodeIgniter\Database\BaseBuilder->get()
 3 SYSTEMPATH\BaseModel.php(638): CodeIgniter\Model->doFindAll(0, 0)
 4 APPPATH\Models\BusinessModel.php(75): CodeIgniter\BaseModel->findAll()
 5 APPPATH\Controllers\BuyerController.php(30): App\Models\BusinessModel->searchBusinessesAndProducts('supreme')
 6 SYSTEMPATH\CodeIgniter.php(943): App\Controllers\BuyerController->index()
 7 SYSTEMPATH\CodeIgniter.php(503): CodeIgniter\CodeIgniter->runController(Object(App\Controllers\BuyerController))
 8 SYSTEMPATH\CodeIgniter.php(361): CodeIgniter\CodeIgniter->handleRequest(null, Object(Config\Cache), false)
 9 FCPATH\index.php(79): CodeIgniter\CodeIgniter->run()
CRITICAL - 2024-11-10 19:55:12 --> [Caused by] CodeIgniter\Database\Exceptions\DatabaseException: Not unique table/alias: 'businessAd'
in SYSTEMPATH\Database\MySQLi\Connection.php on line 311.
 1 SYSTEMPATH\Database\BaseConnection.php(693): CodeIgniter\Database\MySQLi\Connection->execute('SELECT `business`.*, `businessad`.*
FROM `businessad`
JOIN `businessAd` ON `business`.`id` = `businessad`.`seller_id`
WHERE   (
`business`.`name` LIKE \'%supreme%\' ESCAPE \'!\'
OR  `businessad`.`product` LIKE \'%supreme%\' ESCAPE \'!\'
 )')
 2 SYSTEMPATH\Database\BaseConnection.php(607): CodeIgniter\Database\BaseConnection->simpleQuery('SELECT `business`.*, `businessad`.*
FROM `businessad`
JOIN `businessAd` ON `business`.`id` = `businessad`.`seller_id`
WHERE   (
`business`.`name` LIKE \'%supreme%\' ESCAPE \'!\'
OR  `businessad`.`product` LIKE \'%supreme%\' ESCAPE \'!\'
 )')
 3 SYSTEMPATH\Database\BaseBuilder.php(1616): CodeIgniter\Database\BaseConnection->query('SELECT `business`.*, `businessad`.*
FROM `businessad`
JOIN `businessAd` ON `business`.`id` = `businessad`.`seller_id`
WHERE   (
`business`.`name` LIKE :business.name: ESCAPE \'!\'
OR  `businessad`.`product` LIKE :businessad.product: ESCAPE \'!\'
 )', [...], false)
 4 SYSTEMPATH\Model.php(243): CodeIgniter\Database\BaseBuilder->get()
 5 SYSTEMPATH\BaseModel.php(638): CodeIgniter\Model->doFindAll(0, 0)
 6 APPPATH\Models\BusinessModel.php(75): CodeIgniter\BaseModel->findAll()
 7 APPPATH\Controllers\BuyerController.php(30): App\Models\BusinessModel->searchBusinessesAndProducts('supreme')
 8 SYSTEMPATH\CodeIgniter.php(943): App\Controllers\BuyerController->index()
 9 SYSTEMPATH\CodeIgniter.php(503): CodeIgniter\CodeIgniter->runController(Object(App\Controllers\BuyerController))
10 SYSTEMPATH\CodeIgniter.php(361): CodeIgniter\CodeIgniter->handleRequest(null, Object(Config\Cache), false)
11 FCPATH\index.php(79): CodeIgniter\CodeIgniter->run()
CRITICAL - 2024-11-10 19:55:12 --> [Caused by] mysqli_sql_exception: Not unique table/alias: 'businessAd'
in SYSTEMPATH\Database\MySQLi\Connection.php on line 306.
 1 SYSTEMPATH\Database\MySQLi\Connection.php(306): mysqli->query('SELECT `business`.*, `businessad`.*
FROM `businessad`
JOIN `businessAd` ON `business`.`id` = `businessad`.`seller_id`
WHERE   (
`business`.`name` LIKE \'%supreme%\' ESCAPE \'!\'
OR  `businessad`.`product` LIKE \'%supreme%\' ESCAPE \'!\'
 )', 0)
 2 SYSTEMPATH\Database\BaseConnection.php(693): CodeIgniter\Database\MySQLi\Connection->execute('SELECT `business`.*, `businessad`.*
FROM `businessad`
JOIN `businessAd` ON `business`.`id` = `businessad`.`seller_id`
WHERE   (
`business`.`name` LIKE \'%supreme%\' ESCAPE \'!\'
OR  `businessad`.`product` LIKE \'%supreme%\' ESCAPE \'!\'
 )')
 3 SYSTEMPATH\Database\BaseConnection.php(607): CodeIgniter\Database\BaseConnection->simpleQuery('SELECT `business`.*, `businessad`.*
FROM `businessad`
JOIN `businessAd` ON `business`.`id` = `businessad`.`seller_id`
WHERE   (
`business`.`name` LIKE \'%supreme%\' ESCAPE \'!\'
OR  `businessad`.`product` LIKE \'%supreme%\' ESCAPE \'!\'
 )')
 4 SYSTEMPATH\Database\BaseBuilder.php(1616): CodeIgniter\Database\BaseConnection->query('SELECT `business`.*, `businessad`.*
FROM `businessad`
JOIN `businessAd` ON `business`.`id` = `businessad`.`seller_id`
WHERE   (
`business`.`name` LIKE :business.name: ESCAPE \'!\'
OR  `businessad`.`product` LIKE :businessad.product: ESCAPE \'!\'
 )', [...], false)
 5 SYSTEMPATH\Model.php(243): CodeIgniter\Database\BaseBuilder->get()
 6 SYSTEMPATH\BaseModel.php(638): CodeIgniter\Model->doFindAll(0, 0)
 7 APPPATH\Models\BusinessModel.php(75): CodeIgniter\BaseModel->findAll()
 8 APPPATH\Controllers\BuyerController.php(30): App\Models\BusinessModel->searchBusinessesAndProducts('supreme')
 9 SYSTEMPATH\CodeIgniter.php(943): App\Controllers\BuyerController->index()
10 SYSTEMPATH\CodeIgniter.php(503): CodeIgniter\CodeIgniter->runController(Object(App\Controllers\BuyerController))
11 SYSTEMPATH\CodeIgniter.php(361): CodeIgniter\CodeIgniter->handleRequest(null, Object(Config\Cache), false)
12 FCPATH\index.php(79): CodeIgniter\CodeIgniter->run()
INFO - 2024-11-10 19:55:16 --> Session: Class initialized using 'CodeIgniter\Session\Handlers\FileHandler' driver.
ERROR - 2024-11-10 19:55:16 --> mysqli_sql_exception: Not unique table/alias: 'businessAd' in C:\xampp\htdocs\ShopUSC\shopuscapp\system\Database\MySQLi\Connection.php:306
Stack trace:
#0 C:\xampp\htdocs\ShopUSC\shopuscapp\system\Database\MySQLi\Connection.php(306): mysqli->query('SELECT `busines...', 0)
#1 C:\xampp\htdocs\ShopUSC\shopuscapp\system\Database\BaseConnection.php(693): CodeIgniter\Database\MySQLi\Connection->execute('SELECT `busines...')
#2 C:\xampp\htdocs\ShopUSC\shopuscapp\system\Database\BaseConnection.php(607): CodeIgniter\Database\BaseConnection->simpleQuery('SELECT `busines...')
#3 C:\xampp\htdocs\ShopUSC\shopuscapp\system\Database\BaseBuilder.php(1616): CodeIgniter\Database\BaseConnection->query('SELECT `busines...', Array, false)
#4 C:\xampp\htdocs\ShopUSC\shopuscapp\system\Model.php(243): CodeIgniter\Database\BaseBuilder->get()
#5 C:\xampp\htdocs\ShopUSC\shopuscapp\system\BaseModel.php(638): CodeIgniter\Model->doFindAll(0, 0)
#6 C:\xampp\htdocs\ShopUSC\shopuscapp\app\Models\BusinessModel.php(75): CodeIgniter\BaseModel->findAll()
#7 C:\xampp\htdocs\ShopUSC\shopuscapp\app\Controllers\BuyerController.php(30): App\Models\BusinessModel->searchBusinessesAndProducts('supreme')
#8 C:\xampp\htdocs\ShopUSC\shopuscapp\system\CodeIgniter.php(943): App\Controllers\BuyerController->index()
#9 C:\xampp\htdocs\ShopUSC\shopuscapp\system\CodeIgniter.php(503): CodeIgniter\CodeIgniter->runController(Object(App\Controllers\BuyerController))
#10 C:\xampp\htdocs\ShopUSC\shopuscapp\system\CodeIgniter.php(361): CodeIgniter\CodeIgniter->handleRequest(NULL, Object(Config\Cache), false)
#11 C:\xampp\htdocs\ShopUSC\shopuscapp\public\index.php(79): CodeIgniter\CodeIgniter->run()
#12 {main}
CRITICAL - 2024-11-10 19:55:16 --> CodeIgniter\Database\Exceptions\DatabaseException: Not unique table/alias: 'businessAd'
in SYSTEMPATH\Database\BaseConnection.php on line 647.
 1 SYSTEMPATH\Database\BaseBuilder.php(1616): CodeIgniter\Database\BaseConnection->query('SELECT `business`.*, `businessad`.*
FROM `businessad`
JOIN `businessAd` ON `business`.`id` = `businessad`.`seller_id`
WHERE   (
`business`.`name` LIKE :business.name: ESCAPE \'!\'
OR  `businessad`.`product` LIKE :businessad.product: ESCAPE \'!\'
 )', [...], false)
 2 SYSTEMPATH\Model.php(243): CodeIgniter\Database\BaseBuilder->get()
 3 SYSTEMPATH\BaseModel.php(638): CodeIgniter\Model->doFindAll(0, 0)
 4 APPPATH\Models\BusinessModel.php(75): CodeIgniter\BaseModel->findAll()
 5 APPPATH\Controllers\BuyerController.php(30): App\Models\BusinessModel->searchBusinessesAndProducts('supreme')
 6 SYSTEMPATH\CodeIgniter.php(943): App\Controllers\BuyerController->index()
 7 SYSTEMPATH\CodeIgniter.php(503): CodeIgniter\CodeIgniter->runController(Object(App\Controllers\BuyerController))
 8 SYSTEMPATH\CodeIgniter.php(361): CodeIgniter\CodeIgniter->handleRequest(null, Object(Config\Cache), false)
 9 FCPATH\index.php(79): CodeIgniter\CodeIgniter->run()
CRITICAL - 2024-11-10 19:55:16 --> [Caused by] CodeIgniter\Database\Exceptions\DatabaseException: Not unique table/alias: 'businessAd'
in SYSTEMPATH\Database\MySQLi\Connection.php on line 311.
 1 SYSTEMPATH\Database\BaseConnection.php(693): CodeIgniter\Database\MySQLi\Connection->execute('SELECT `business`.*, `businessad`.*
FROM `businessad`
JOIN `businessAd` ON `business`.`id` = `businessad`.`seller_id`
WHERE   (
`business`.`name` LIKE \'%supreme%\' ESCAPE \'!\'
OR  `businessad`.`product` LIKE \'%supreme%\' ESCAPE \'!\'
 )')
 2 SYSTEMPATH\Database\BaseConnection.php(607): CodeIgniter\Database\BaseConnection->simpleQuery('SELECT `business`.*, `businessad`.*
FROM `businessad`
JOIN `businessAd` ON `business`.`id` = `businessad`.`seller_id`
WHERE   (
`business`.`name` LIKE \'%supreme%\' ESCAPE \'!\'
OR  `businessad`.`product` LIKE \'%supreme%\' ESCAPE \'!\'
 )')
 3 SYSTEMPATH\Database\BaseBuilder.php(1616): CodeIgniter\Database\BaseConnection->query('SELECT `business`.*, `businessad`.*
FROM `businessad`
JOIN `businessAd` ON `business`.`id` = `businessad`.`seller_id`
WHERE   (
`business`.`name` LIKE :business.name: ESCAPE \'!\'
OR  `businessad`.`product` LIKE :businessad.product: ESCAPE \'!\'
 )', [...], false)
 4 SYSTEMPATH\Model.php(243): CodeIgniter\Database\BaseBuilder->get()
 5 SYSTEMPATH\BaseModel.php(638): CodeIgniter\Model->doFindAll(0, 0)
 6 APPPATH\Models\BusinessModel.php(75): CodeIgniter\BaseModel->findAll()
 7 APPPATH\Controllers\BuyerController.php(30): App\Models\BusinessModel->searchBusinessesAndProducts('supreme')
 8 SYSTEMPATH\CodeIgniter.php(943): App\Controllers\BuyerController->index()
 9 SYSTEMPATH\CodeIgniter.php(503): CodeIgniter\CodeIgniter->runController(Object(App\Controllers\BuyerController))
10 SYSTEMPATH\CodeIgniter.php(361): CodeIgniter\CodeIgniter->handleRequest(null, Object(Config\Cache), false)
11 FCPATH\index.php(79): CodeIgniter\CodeIgniter->run()
CRITICAL - 2024-11-10 19:55:16 --> [Caused by] mysqli_sql_exception: Not unique table/alias: 'businessAd'
in SYSTEMPATH\Database\MySQLi\Connection.php on line 306.
 1 SYSTEMPATH\Database\MySQLi\Connection.php(306): mysqli->query('SELECT `business`.*, `businessad`.*
FROM `businessad`
JOIN `businessAd` ON `business`.`id` = `businessad`.`seller_id`
WHERE   (
`business`.`name` LIKE \'%supreme%\' ESCAPE \'!\'
OR  `businessad`.`product` LIKE \'%supreme%\' ESCAPE \'!\'
 )', 0)
 2 SYSTEMPATH\Database\BaseConnection.php(693): CodeIgniter\Database\MySQLi\Connection->execute('SELECT `business`.*, `businessad`.*
FROM `businessad`
JOIN `businessAd` ON `business`.`id` = `businessad`.`seller_id`
WHERE   (
`business`.`name` LIKE \'%supreme%\' ESCAPE \'!\'
OR  `businessad`.`product` LIKE \'%supreme%\' ESCAPE \'!\'
 )')
 3 SYSTEMPATH\Database\BaseConnection.php(607): CodeIgniter\Database\BaseConnection->simpleQuery('SELECT `business`.*, `businessad`.*
FROM `businessad`
JOIN `businessAd` ON `business`.`id` = `businessad`.`seller_id`
WHERE   (
`business`.`name` LIKE \'%supreme%\' ESCAPE \'!\'
OR  `businessad`.`product` LIKE \'%supreme%\' ESCAPE \'!\'
 )')
 4 SYSTEMPATH\Database\BaseBuilder.php(1616): CodeIgniter\Database\BaseConnection->query('SELECT `business`.*, `businessad`.*
FROM `businessad`
JOIN `businessAd` ON `business`.`id` = `businessad`.`seller_id`
WHERE   (
`business`.`name` LIKE :business.name: ESCAPE \'!\'
OR  `businessad`.`product` LIKE :businessad.product: ESCAPE \'!\'
 )', [...], false)
 5 SYSTEMPATH\Model.php(243): CodeIgniter\Database\BaseBuilder->get()
 6 SYSTEMPATH\BaseModel.php(638): CodeIgniter\Model->doFindAll(0, 0)
 7 APPPATH\Models\BusinessModel.php(75): CodeIgniter\BaseModel->findAll()
 8 APPPATH\Controllers\BuyerController.php(30): App\Models\BusinessModel->searchBusinessesAndProducts('supreme')
 9 SYSTEMPATH\CodeIgniter.php(943): App\Controllers\BuyerController->index()
10 SYSTEMPATH\CodeIgniter.php(503): CodeIgniter\CodeIgniter->runController(Object(App\Controllers\BuyerController))
11 SYSTEMPATH\CodeIgniter.php(361): CodeIgniter\CodeIgniter->handleRequest(null, Object(Config\Cache), false)
12 FCPATH\index.php(79): CodeIgniter\CodeIgniter->run()
INFO - 2024-11-10 19:55:17 --> Session: Class initialized using 'CodeIgniter\Session\Handlers\FileHandler' driver.
INFO - 2024-11-10 19:55:20 --> Session: Class initialized using 'CodeIgniter\Session\Handlers\FileHandler' driver.
ERROR - 2024-11-10 19:55:20 --> mysqli_sql_exception: Not unique table/alias: 'businessAd' in C:\xampp\htdocs\ShopUSC\shopuscapp\system\Database\MySQLi\Connection.php:306
Stack trace:
#0 C:\xampp\htdocs\ShopUSC\shopuscapp\system\Database\MySQLi\Connection.php(306): mysqli->query('SELECT `busines...', 0)
#1 C:\xampp\htdocs\ShopUSC\shopuscapp\system\Database\BaseConnection.php(693): CodeIgniter\Database\MySQLi\Connection->execute('SELECT `busines...')
#2 C:\xampp\htdocs\ShopUSC\shopuscapp\system\Database\BaseConnection.php(607): CodeIgniter\Database\BaseConnection->simpleQuery('SELECT `busines...')
#3 C:\xampp\htdocs\ShopUSC\shopuscapp\system\Database\BaseBuilder.php(1616): CodeIgniter\Database\BaseConnection->query('SELECT `busines...', Array, false)
#4 C:\xampp\htdocs\ShopUSC\shopuscapp\system\Model.php(243): CodeIgniter\Database\BaseBuilder->get()
#5 C:\xampp\htdocs\ShopUSC\shopuscapp\system\BaseModel.php(638): CodeIgniter\Model->doFindAll(0, 0)
#6 C:\xampp\htdocs\ShopUSC\shopuscapp\app\Models\BusinessModel.php(75): CodeIgniter\BaseModel->findAll()
#7 C:\xampp\htdocs\ShopUSC\shopuscapp\app\Controllers\BuyerController.php(30): App\Models\BusinessModel->searchBusinessesAndProducts('supreme')
#8 C:\xampp\htdocs\ShopUSC\shopuscapp\system\CodeIgniter.php(943): App\Controllers\BuyerController->index()
#9 C:\xampp\htdocs\ShopUSC\shopuscapp\system\CodeIgniter.php(503): CodeIgniter\CodeIgniter->runController(Object(App\Controllers\BuyerController))
#10 C:\xampp\htdocs\ShopUSC\shopuscapp\system\CodeIgniter.php(361): CodeIgniter\CodeIgniter->handleRequest(NULL, Object(Config\Cache), false)
#11 C:\xampp\htdocs\ShopUSC\shopuscapp\public\index.php(79): CodeIgniter\CodeIgniter->run()
#12 {main}
CRITICAL - 2024-11-10 19:55:20 --> CodeIgniter\Database\Exceptions\DatabaseException: Not unique table/alias: 'businessAd'
in SYSTEMPATH\Database\BaseConnection.php on line 647.
 1 SYSTEMPATH\Database\BaseBuilder.php(1616): CodeIgniter\Database\BaseConnection->query('SELECT `business`.*, `businessad`.*
FROM `businessad`
JOIN `businessAd` ON `business`.`id` = `businessad`.`seller_id`
WHERE   (
`business`.`name` LIKE :business.name: ESCAPE \'!\'
OR  `businessad`.`product` LIKE :businessad.product: ESCAPE \'!\'
 )', [...], false)
 2 SYSTEMPATH\Model.php(243): CodeIgniter\Database\BaseBuilder->get()
 3 SYSTEMPATH\BaseModel.php(638): CodeIgniter\Model->doFindAll(0, 0)
 4 APPPATH\Models\BusinessModel.php(75): CodeIgniter\BaseModel->findAll()
 5 APPPATH\Controllers\BuyerController.php(30): App\Models\BusinessModel->searchBusinessesAndProducts('supreme')
 6 SYSTEMPATH\CodeIgniter.php(943): App\Controllers\BuyerController->index()
 7 SYSTEMPATH\CodeIgniter.php(503): CodeIgniter\CodeIgniter->runController(Object(App\Controllers\BuyerController))
 8 SYSTEMPATH\CodeIgniter.php(361): CodeIgniter\CodeIgniter->handleRequest(null, Object(Config\Cache), false)
 9 FCPATH\index.php(79): CodeIgniter\CodeIgniter->run()
CRITICAL - 2024-11-10 19:55:20 --> [Caused by] CodeIgniter\Database\Exceptions\DatabaseException: Not unique table/alias: 'businessAd'
in SYSTEMPATH\Database\MySQLi\Connection.php on line 311.
 1 SYSTEMPATH\Database\BaseConnection.php(693): CodeIgniter\Database\MySQLi\Connection->execute('SELECT `business`.*, `businessad`.*
FROM `businessad`
JOIN `businessAd` ON `business`.`id` = `businessad`.`seller_id`
WHERE   (
`business`.`name` LIKE \'%supreme%\' ESCAPE \'!\'
OR  `businessad`.`product` LIKE \'%supreme%\' ESCAPE \'!\'
 )')
 2 SYSTEMPATH\Database\BaseConnection.php(607): CodeIgniter\Database\BaseConnection->simpleQuery('SELECT `business`.*, `businessad`.*
FROM `businessad`
JOIN `businessAd` ON `business`.`id` = `businessad`.`seller_id`
WHERE   (
`business`.`name` LIKE \'%supreme%\' ESCAPE \'!\'
OR  `businessad`.`product` LIKE \'%supreme%\' ESCAPE \'!\'
 )')
 3 SYSTEMPATH\Database\BaseBuilder.php(1616): CodeIgniter\Database\BaseConnection->query('SELECT `business`.*, `businessad`.*
FROM `businessad`
JOIN `businessAd` ON `business`.`id` = `businessad`.`seller_id`
WHERE   (
`business`.`name` LIKE :business.name: ESCAPE \'!\'
OR  `businessad`.`product` LIKE :businessad.product: ESCAPE \'!\'
 )', [...], false)
 4 SYSTEMPATH\Model.php(243): CodeIgniter\Database\BaseBuilder->get()
 5 SYSTEMPATH\BaseModel.php(638): CodeIgniter\Model->doFindAll(0, 0)
 6 APPPATH\Models\BusinessModel.php(75): CodeIgniter\BaseModel->findAll()
 7 APPPATH\Controllers\BuyerController.php(30): App\Models\BusinessModel->searchBusinessesAndProducts('supreme')
 8 SYSTEMPATH\CodeIgniter.php(943): App\Controllers\BuyerController->index()
 9 SYSTEMPATH\CodeIgniter.php(503): CodeIgniter\CodeIgniter->runController(Object(App\Controllers\BuyerController))
10 SYSTEMPATH\CodeIgniter.php(361): CodeIgniter\CodeIgniter->handleRequest(null, Object(Config\Cache), false)
11 FCPATH\index.php(79): CodeIgniter\CodeIgniter->run()
CRITICAL - 2024-11-10 19:55:20 --> [Caused by] mysqli_sql_exception: Not unique table/alias: 'businessAd'
in SYSTEMPATH\Database\MySQLi\Connection.php on line 306.
 1 SYSTEMPATH\Database\MySQLi\Connection.php(306): mysqli->query('SELECT `business`.*, `businessad`.*
FROM `businessad`
JOIN `businessAd` ON `business`.`id` = `businessad`.`seller_id`
WHERE   (
`business`.`name` LIKE \'%supreme%\' ESCAPE \'!\'
OR  `businessad`.`product` LIKE \'%supreme%\' ESCAPE \'!\'
 )', 0)
 2 SYSTEMPATH\Database\BaseConnection.php(693): CodeIgniter\Database\MySQLi\Connection->execute('SELECT `business`.*, `businessad`.*
FROM `businessad`
JOIN `businessAd` ON `business`.`id` = `businessad`.`seller_id`
WHERE   (
`business`.`name` LIKE \'%supreme%\' ESCAPE \'!\'
OR  `businessad`.`product` LIKE \'%supreme%\' ESCAPE \'!\'
 )')
 3 SYSTEMPATH\Database\BaseConnection.php(607): CodeIgniter\Database\BaseConnection->simpleQuery('SELECT `business`.*, `businessad`.*
FROM `businessad`
JOIN `businessAd` ON `business`.`id` = `businessad`.`seller_id`
WHERE   (
`business`.`name` LIKE \'%supreme%\' ESCAPE \'!\'
OR  `businessad`.`product` LIKE \'%supreme%\' ESCAPE \'!\'
 )')
 4 SYSTEMPATH\Database\BaseBuilder.php(1616): CodeIgniter\Database\BaseConnection->query('SELECT `business`.*, `businessad`.*
FROM `businessad`
JOIN `businessAd` ON `business`.`id` = `businessad`.`seller_id`
WHERE   (
`business`.`name` LIKE :business.name: ESCAPE \'!\'
OR  `businessad`.`product` LIKE :businessad.product: ESCAPE \'!\'
 )', [...], false)
 5 SYSTEMPATH\Model.php(243): CodeIgniter\Database\BaseBuilder->get()
 6 SYSTEMPATH\BaseModel.php(638): CodeIgniter\Model->doFindAll(0, 0)
 7 APPPATH\Models\BusinessModel.php(75): CodeIgniter\BaseModel->findAll()
 8 APPPATH\Controllers\BuyerController.php(30): App\Models\BusinessModel->searchBusinessesAndProducts('supreme')
 9 SYSTEMPATH\CodeIgniter.php(943): App\Controllers\BuyerController->index()
10 SYSTEMPATH\CodeIgniter.php(503): CodeIgniter\CodeIgniter->runController(Object(App\Controllers\BuyerController))
11 SYSTEMPATH\CodeIgniter.php(361): CodeIgniter\CodeIgniter->handleRequest(null, Object(Config\Cache), false)
12 FCPATH\index.php(79): CodeIgniter\CodeIgniter->run()
INFO - 2024-11-10 19:55:34 --> Session: Class initialized using 'CodeIgniter\Session\Handlers\FileHandler' driver.
ERROR - 2024-11-10 19:55:34 --> mysqli_sql_exception: Not unique table/alias: 'businessad' in C:\xampp\htdocs\ShopUSC\shopuscapp\system\Database\MySQLi\Connection.php:306
Stack trace:
#0 C:\xampp\htdocs\ShopUSC\shopuscapp\system\Database\MySQLi\Connection.php(306): mysqli->query('SELECT `busines...', 0)
#1 C:\xampp\htdocs\ShopUSC\shopuscapp\system\Database\BaseConnection.php(693): CodeIgniter\Database\MySQLi\Connection->execute('SELECT `busines...')
#2 C:\xampp\htdocs\ShopUSC\shopuscapp\system\Database\BaseConnection.php(607): CodeIgniter\Database\BaseConnection->simpleQuery('SELECT `busines...')
#3 C:\xampp\htdocs\ShopUSC\shopuscapp\system\Database\BaseBuilder.php(1616): CodeIgniter\Database\BaseConnection->query('SELECT `busines...', Array, false)
#4 C:\xampp\htdocs\ShopUSC\shopuscapp\system\Model.php(243): CodeIgniter\Database\BaseBuilder->get()
#5 C:\xampp\htdocs\ShopUSC\shopuscapp\system\BaseModel.php(638): CodeIgniter\Model->doFindAll(0, 0)
#6 C:\xampp\htdocs\ShopUSC\shopuscapp\app\Models\BusinessModel.php(75): CodeIgniter\BaseModel->findAll()
#7 C:\xampp\htdocs\ShopUSC\shopuscapp\app\Controllers\BuyerController.php(30): App\Models\BusinessModel->searchBusinessesAndProducts('supreme')
#8 C:\xampp\htdocs\ShopUSC\shopuscapp\system\CodeIgniter.php(943): App\Controllers\BuyerController->index()
#9 C:\xampp\htdocs\ShopUSC\shopuscapp\system\CodeIgniter.php(503): CodeIgniter\CodeIgniter->runController(Object(App\Controllers\BuyerController))
#10 C:\xampp\htdocs\ShopUSC\shopuscapp\system\CodeIgniter.php(361): CodeIgniter\CodeIgniter->handleRequest(NULL, Object(Config\Cache), false)
#11 C:\xampp\htdocs\ShopUSC\shopuscapp\public\index.php(79): CodeIgniter\CodeIgniter->run()
#12 {main}
CRITICAL - 2024-11-10 19:55:34 --> CodeIgniter\Database\Exceptions\DatabaseException: Not unique table/alias: 'businessad'
in SYSTEMPATH\Database\BaseConnection.php on line 647.
 1 SYSTEMPATH\Database\BaseBuilder.php(1616): CodeIgniter\Database\BaseConnection->query('SELECT `business`.*, `businessad`.*
FROM `businessad`
JOIN `businessad` ON `business`.`id` = `businessad`.`seller_id`
WHERE   (
`business`.`name` LIKE :business.name: ESCAPE \'!\'
OR  `businessad`.`product` LIKE :businessad.product: ESCAPE \'!\'
 )', [...], false)
 2 SYSTEMPATH\Model.php(243): CodeIgniter\Database\BaseBuilder->get()
 3 SYSTEMPATH\BaseModel.php(638): CodeIgniter\Model->doFindAll(0, 0)
 4 APPPATH\Models\BusinessModel.php(75): CodeIgniter\BaseModel->findAll()
 5 APPPATH\Controllers\BuyerController.php(30): App\Models\BusinessModel->searchBusinessesAndProducts('supreme')
 6 SYSTEMPATH\CodeIgniter.php(943): App\Controllers\BuyerController->index()
 7 SYSTEMPATH\CodeIgniter.php(503): CodeIgniter\CodeIgniter->runController(Object(App\Controllers\BuyerController))
 8 SYSTEMPATH\CodeIgniter.php(361): CodeIgniter\CodeIgniter->handleRequest(null, Object(Config\Cache), false)
 9 FCPATH\index.php(79): CodeIgniter\CodeIgniter->run()
CRITICAL - 2024-11-10 19:55:34 --> [Caused by] CodeIgniter\Database\Exceptions\DatabaseException: Not unique table/alias: 'businessad'
in SYSTEMPATH\Database\MySQLi\Connection.php on line 311.
 1 SYSTEMPATH\Database\BaseConnection.php(693): CodeIgniter\Database\MySQLi\Connection->execute('SELECT `business`.*, `businessad`.*
FROM `businessad`
JOIN `businessad` ON `business`.`id` = `businessad`.`seller_id`
WHERE   (
`business`.`name` LIKE \'%supreme%\' ESCAPE \'!\'
OR  `businessad`.`product` LIKE \'%supreme%\' ESCAPE \'!\'
 )')
 2 SYSTEMPATH\Database\BaseConnection.php(607): CodeIgniter\Database\BaseConnection->simpleQuery('SELECT `business`.*, `businessad`.*
FROM `businessad`
JOIN `businessad` ON `business`.`id` = `businessad`.`seller_id`
WHERE   (
`business`.`name` LIKE \'%supreme%\' ESCAPE \'!\'
OR  `businessad`.`product` LIKE \'%supreme%\' ESCAPE \'!\'
 )')
 3 SYSTEMPATH\Database\BaseBuilder.php(1616): CodeIgniter\Database\BaseConnection->query('SELECT `business`.*, `businessad`.*
FROM `businessad`
JOIN `businessad` ON `business`.`id` = `businessad`.`seller_id`
WHERE   (
`business`.`name` LIKE :business.name: ESCAPE \'!\'
OR  `businessad`.`product` LIKE :businessad.product: ESCAPE \'!\'
 )', [...], false)
 4 SYSTEMPATH\Model.php(243): CodeIgniter\Database\BaseBuilder->get()
 5 SYSTEMPATH\BaseModel.php(638): CodeIgniter\Model->doFindAll(0, 0)
 6 APPPATH\Models\BusinessModel.php(75): CodeIgniter\BaseModel->findAll()
 7 APPPATH\Controllers\BuyerController.php(30): App\Models\BusinessModel->searchBusinessesAndProducts('supreme')
 8 SYSTEMPATH\CodeIgniter.php(943): App\Controllers\BuyerController->index()
 9 SYSTEMPATH\CodeIgniter.php(503): CodeIgniter\CodeIgniter->runController(Object(App\Controllers\BuyerController))
10 SYSTEMPATH\CodeIgniter.php(361): CodeIgniter\CodeIgniter->handleRequest(null, Object(Config\Cache), false)
11 FCPATH\index.php(79): CodeIgniter\CodeIgniter->run()
CRITICAL - 2024-11-10 19:55:34 --> [Caused by] mysqli_sql_exception: Not unique table/alias: 'businessad'
in SYSTEMPATH\Database\MySQLi\Connection.php on line 306.
 1 SYSTEMPATH\Database\MySQLi\Connection.php(306): mysqli->query('SELECT `business`.*, `businessad`.*
FROM `businessad`
JOIN `businessad` ON `business`.`id` = `businessad`.`seller_id`
WHERE   (
`business`.`name` LIKE \'%supreme%\' ESCAPE \'!\'
OR  `businessad`.`product` LIKE \'%supreme%\' ESCAPE \'!\'
 )', 0)
 2 SYSTEMPATH\Database\BaseConnection.php(693): CodeIgniter\Database\MySQLi\Connection->execute('SELECT `business`.*, `businessad`.*
FROM `businessad`
JOIN `businessad` ON `business`.`id` = `businessad`.`seller_id`
WHERE   (
`business`.`name` LIKE \'%supreme%\' ESCAPE \'!\'
OR  `businessad`.`product` LIKE \'%supreme%\' ESCAPE \'!\'
 )')
 3 SYSTEMPATH\Database\BaseConnection.php(607): CodeIgniter\Database\BaseConnection->simpleQuery('SELECT `business`.*, `businessad`.*
FROM `businessad`
JOIN `businessad` ON `business`.`id` = `businessad`.`seller_id`
WHERE   (
`business`.`name` LIKE \'%supreme%\' ESCAPE \'!\'
OR  `businessad`.`product` LIKE \'%supreme%\' ESCAPE \'!\'
 )')
 4 SYSTEMPATH\Database\BaseBuilder.php(1616): CodeIgniter\Database\BaseConnection->query('SELECT `business`.*, `businessad`.*
FROM `businessad`
JOIN `businessad` ON `business`.`id` = `businessad`.`seller_id`
WHERE   (
`business`.`name` LIKE :business.name: ESCAPE \'!\'
OR  `businessad`.`product` LIKE :businessad.product: ESCAPE \'!\'
 )', [...], false)
 5 SYSTEMPATH\Model.php(243): CodeIgniter\Database\BaseBuilder->get()
 6 SYSTEMPATH\BaseModel.php(638): CodeIgniter\Model->doFindAll(0, 0)
 7 APPPATH\Models\BusinessModel.php(75): CodeIgniter\BaseModel->findAll()
 8 APPPATH\Controllers\BuyerController.php(30): App\Models\BusinessModel->searchBusinessesAndProducts('supreme')
 9 SYSTEMPATH\CodeIgniter.php(943): App\Controllers\BuyerController->index()
10 SYSTEMPATH\CodeIgniter.php(503): CodeIgniter\CodeIgniter->runController(Object(App\Controllers\BuyerController))
11 SYSTEMPATH\CodeIgniter.php(361): CodeIgniter\CodeIgniter->handleRequest(null, Object(Config\Cache), false)
12 FCPATH\index.php(79): CodeIgniter\CodeIgniter->run()
INFO - 2024-11-10 19:58:33 --> Session: Class initialized using 'CodeIgniter\Session\Handlers\FileHandler' driver.
ERROR - 2024-11-10 19:58:33 --> mysqli_sql_exception: Not unique table/alias: 'businessad' in C:\xampp\htdocs\ShopUSC\shopuscapp\system\Database\MySQLi\Connection.php:306
Stack trace:
#0 C:\xampp\htdocs\ShopUSC\shopuscapp\system\Database\MySQLi\Connection.php(306): mysqli->query('SELECT `seller`...', 0)
#1 C:\xampp\htdocs\ShopUSC\shopuscapp\system\Database\BaseConnection.php(693): CodeIgniter\Database\MySQLi\Connection->execute('SELECT `seller`...')
#2 C:\xampp\htdocs\ShopUSC\shopuscapp\system\Database\BaseConnection.php(607): CodeIgniter\Database\BaseConnection->simpleQuery('SELECT `seller`...')
#3 C:\xampp\htdocs\ShopUSC\shopuscapp\system\Database\BaseBuilder.php(1616): CodeIgniter\Database\BaseConnection->query('SELECT `seller`...', Array, false)
#4 C:\xampp\htdocs\ShopUSC\shopuscapp\system\Model.php(243): CodeIgniter\Database\BaseBuilder->get()
#5 C:\xampp\htdocs\ShopUSC\shopuscapp\system\BaseModel.php(638): CodeIgniter\Model->doFindAll(0, 0)
#6 C:\xampp\htdocs\ShopUSC\shopuscapp\app\Models\BusinessModel.php(75): CodeIgniter\BaseModel->findAll()
#7 C:\xampp\htdocs\ShopUSC\shopuscapp\app\Controllers\BuyerController.php(30): App\Models\BusinessModel->searchBusinessesAndProducts('supreme')
#8 C:\xampp\htdocs\ShopUSC\shopuscapp\system\CodeIgniter.php(943): App\Controllers\BuyerController->index()
#9 C:\xampp\htdocs\ShopUSC\shopuscapp\system\CodeIgniter.php(503): CodeIgniter\CodeIgniter->runController(Object(App\Controllers\BuyerController))
#10 C:\xampp\htdocs\ShopUSC\shopuscapp\system\CodeIgniter.php(361): CodeIgniter\CodeIgniter->handleRequest(NULL, Object(Config\Cache), false)
#11 C:\xampp\htdocs\ShopUSC\shopuscapp\public\index.php(79): CodeIgniter\CodeIgniter->run()
#12 {main}
CRITICAL - 2024-11-10 19:58:33 --> CodeIgniter\Database\Exceptions\DatabaseException: Not unique table/alias: 'businessad'
in SYSTEMPATH\Database\BaseConnection.php on line 647.
 1 SYSTEMPATH\Database\BaseBuilder.php(1616): CodeIgniter\Database\BaseConnection->query('SELECT `seller`.*, `businessad`.*
FROM `businessad`
JOIN `businessad` ON `seller`.`SellerID` = `businessad`.`SellerID`
WHERE   (
`seller`.`BuinessName` LIKE :seller.BuinessName: ESCAPE \'!\'
OR  `businessad`.`ProductDetails` LIKE :businessad.ProductDetails: ESCAPE \'!\'
 )', [...], false)
 2 SYSTEMPATH\Model.php(243): CodeIgniter\Database\BaseBuilder->get()
 3 SYSTEMPATH\BaseModel.php(638): CodeIgniter\Model->doFindAll(0, 0)
 4 APPPATH\Models\BusinessModel.php(75): CodeIgniter\BaseModel->findAll()
 5 APPPATH\Controllers\BuyerController.php(30): App\Models\BusinessModel->searchBusinessesAndProducts('supreme')
 6 SYSTEMPATH\CodeIgniter.php(943): App\Controllers\BuyerController->index()
 7 SYSTEMPATH\CodeIgniter.php(503): CodeIgniter\CodeIgniter->runController(Object(App\Controllers\BuyerController))
 8 SYSTEMPATH\CodeIgniter.php(361): CodeIgniter\CodeIgniter->handleRequest(null, Object(Config\Cache), false)
 9 FCPATH\index.php(79): CodeIgniter\CodeIgniter->run()
CRITICAL - 2024-11-10 19:58:33 --> [Caused by] CodeIgniter\Database\Exceptions\DatabaseException: Not unique table/alias: 'businessad'
in SYSTEMPATH\Database\MySQLi\Connection.php on line 311.
 1 SYSTEMPATH\Database\BaseConnection.php(693): CodeIgniter\Database\MySQLi\Connection->execute('SELECT `seller`.*, `businessad`.*
FROM `businessad`
JOIN `businessad` ON `seller`.`SellerID` = `businessad`.`SellerID`
WHERE   (
`seller`.`BuinessName` LIKE \'%supreme%\' ESCAPE \'!\'
OR  `businessad`.`ProductDetails` LIKE \'%supreme%\' ESCAPE \'!\'
 )')
 2 SYSTEMPATH\Database\BaseConnection.php(607): CodeIgniter\Database\BaseConnection->simpleQuery('SELECT `seller`.*, `businessad`.*
FROM `businessad`
JOIN `businessad` ON `seller`.`SellerID` = `businessad`.`SellerID`
WHERE   (
`seller`.`BuinessName` LIKE \'%supreme%\' ESCAPE \'!\'
OR  `businessad`.`ProductDetails` LIKE \'%supreme%\' ESCAPE \'!\'
 )')
 3 SYSTEMPATH\Database\BaseBuilder.php(1616): CodeIgniter\Database\BaseConnection->query('SELECT `seller`.*, `businessad`.*
FROM `businessad`
JOIN `businessad` ON `seller`.`SellerID` = `businessad`.`SellerID`
WHERE   (
`seller`.`BuinessName` LIKE :seller.BuinessName: ESCAPE \'!\'
OR  `businessad`.`ProductDetails` LIKE :businessad.ProductDetails: ESCAPE \'!\'
 )', [...], false)
 4 SYSTEMPATH\Model.php(243): CodeIgniter\Database\BaseBuilder->get()
 5 SYSTEMPATH\BaseModel.php(638): CodeIgniter\Model->doFindAll(0, 0)
 6 APPPATH\Models\BusinessModel.php(75): CodeIgniter\BaseModel->findAll()
 7 APPPATH\Controllers\BuyerController.php(30): App\Models\BusinessModel->searchBusinessesAndProducts('supreme')
 8 SYSTEMPATH\CodeIgniter.php(943): App\Controllers\BuyerController->index()
 9 SYSTEMPATH\CodeIgniter.php(503): CodeIgniter\CodeIgniter->runController(Object(App\Controllers\BuyerController))
10 SYSTEMPATH\CodeIgniter.php(361): CodeIgniter\CodeIgniter->handleRequest(null, Object(Config\Cache), false)
11 FCPATH\index.php(79): CodeIgniter\CodeIgniter->run()
CRITICAL - 2024-11-10 19:58:33 --> [Caused by] mysqli_sql_exception: Not unique table/alias: 'businessad'
in SYSTEMPATH\Database\MySQLi\Connection.php on line 306.
 1 SYSTEMPATH\Database\MySQLi\Connection.php(306): mysqli->query('SELECT `seller`.*, `businessad`.*
FROM `businessad`
JOIN `businessad` ON `seller`.`SellerID` = `businessad`.`SellerID`
WHERE   (
`seller`.`BuinessName` LIKE \'%supreme%\' ESCAPE \'!\'
OR  `businessad`.`ProductDetails` LIKE \'%supreme%\' ESCAPE \'!\'
 )', 0)
 2 SYSTEMPATH\Database\BaseConnection.php(693): CodeIgniter\Database\MySQLi\Connection->execute('SELECT `seller`.*, `businessad`.*
FROM `businessad`
JOIN `businessad` ON `seller`.`SellerID` = `businessad`.`SellerID`
WHERE   (
`seller`.`BuinessName` LIKE \'%supreme%\' ESCAPE \'!\'
OR  `businessad`.`ProductDetails` LIKE \'%supreme%\' ESCAPE \'!\'
 )')
 3 SYSTEMPATH\Database\BaseConnection.php(607): CodeIgniter\Database\BaseConnection->simpleQuery('SELECT `seller`.*, `businessad`.*
FROM `businessad`
JOIN `businessad` ON `seller`.`SellerID` = `businessad`.`SellerID`
WHERE   (
`seller`.`BuinessName` LIKE \'%supreme%\' ESCAPE \'!\'
OR  `businessad`.`ProductDetails` LIKE \'%supreme%\' ESCAPE \'!\'
 )')
 4 SYSTEMPATH\Database\BaseBuilder.php(1616): CodeIgniter\Database\BaseConnection->query('SELECT `seller`.*, `businessad`.*
FROM `businessad`
JOIN `businessad` ON `seller`.`SellerID` = `businessad`.`SellerID`
WHERE   (
`seller`.`BuinessName` LIKE :seller.BuinessName: ESCAPE \'!\'
OR  `businessad`.`ProductDetails` LIKE :businessad.ProductDetails: ESCAPE \'!\'
 )', [...], false)
 5 SYSTEMPATH\Model.php(243): CodeIgniter\Database\BaseBuilder->get()
 6 SYSTEMPATH\BaseModel.php(638): CodeIgniter\Model->doFindAll(0, 0)
 7 APPPATH\Models\BusinessModel.php(75): CodeIgniter\BaseModel->findAll()
 8 APPPATH\Controllers\BuyerController.php(30): App\Models\BusinessModel->searchBusinessesAndProducts('supreme')
 9 SYSTEMPATH\CodeIgniter.php(943): App\Controllers\BuyerController->index()
10 SYSTEMPATH\CodeIgniter.php(503): CodeIgniter\CodeIgniter->runController(Object(App\Controllers\BuyerController))
11 SYSTEMPATH\CodeIgniter.php(361): CodeIgniter\CodeIgniter->handleRequest(null, Object(Config\Cache), false)
12 FCPATH\index.php(79): CodeIgniter\CodeIgniter->run()
INFO - 2024-11-10 20:00:38 --> Session: Class initialized using 'CodeIgniter\Session\Handlers\FileHandler' driver.
ERROR - 2024-11-10 20:00:38 --> mysqli_sql_exception: Not unique table/alias: 'businessad' in C:\xampp\htdocs\ShopUSC\shopuscapp\system\Database\MySQLi\Connection.php:306
Stack trace:
#0 C:\xampp\htdocs\ShopUSC\shopuscapp\system\Database\MySQLi\Connection.php(306): mysqli->query('SELECT `seller`...', 0)
#1 C:\xampp\htdocs\ShopUSC\shopuscapp\system\Database\BaseConnection.php(693): CodeIgniter\Database\MySQLi\Connection->execute('SELECT `seller`...')
#2 C:\xampp\htdocs\ShopUSC\shopuscapp\system\Database\BaseConnection.php(607): CodeIgniter\Database\BaseConnection->simpleQuery('SELECT `seller`...')
#3 C:\xampp\htdocs\ShopUSC\shopuscapp\system\Database\BaseBuilder.php(1616): CodeIgniter\Database\BaseConnection->query('SELECT `seller`...', Array, false)
#4 C:\xampp\htdocs\ShopUSC\shopuscapp\system\Model.php(243): CodeIgniter\Database\BaseBuilder->get()
#5 C:\xampp\htdocs\ShopUSC\shopuscapp\system\BaseModel.php(638): CodeIgniter\Model->doFindAll(0, 0)
#6 C:\xampp\htdocs\ShopUSC\shopuscapp\app\Models\BusinessModel.php(74): CodeIgniter\BaseModel->findAll()
#7 C:\xampp\htdocs\ShopUSC\shopuscapp\app\Controllers\BuyerController.php(30): App\Models\BusinessModel->searchBusinessesAndProducts('supreme')
#8 C:\xampp\htdocs\ShopUSC\shopuscapp\system\CodeIgniter.php(943): App\Controllers\BuyerController->index()
#9 C:\xampp\htdocs\ShopUSC\shopuscapp\system\CodeIgniter.php(503): CodeIgniter\CodeIgniter->runController(Object(App\Controllers\BuyerController))
#10 C:\xampp\htdocs\ShopUSC\shopuscapp\system\CodeIgniter.php(361): CodeIgniter\CodeIgniter->handleRequest(NULL, Object(Config\Cache), false)
#11 C:\xampp\htdocs\ShopUSC\shopuscapp\public\index.php(79): CodeIgniter\CodeIgniter->run()
#12 {main}
CRITICAL - 2024-11-10 20:00:38 --> CodeIgniter\Database\Exceptions\DatabaseException: Not unique table/alias: 'businessad'
in SYSTEMPATH\Database\BaseConnection.php on line 647.
 1 SYSTEMPATH\Database\BaseBuilder.php(1616): CodeIgniter\Database\BaseConnection->query('SELECT `seller`.`SellerID`, `seller`.`BusinessName`, `seller`.`BusinessType`, `seller`.`BusinessCategory`, `businessad`.`ProductDetails`, `businessad`.`Cost`, `businessad`.`Availability`, `businessad`.`CoverPhoto`
FROM `businessad`
JOIN `businessad` ON `seller`.`SellerID` = `businessad`.`SellerID`
WHERE   (
`seller`.`BusinessName` LIKE :seller.BusinessName: ESCAPE \'!\'
OR  `businessad`.`ProductDetails` LIKE :businessad.ProductDetails: ESCAPE \'!\'
 )', [...], false)
 2 SYSTEMPATH\Model.php(243): CodeIgniter\Database\BaseBuilder->get()
 3 SYSTEMPATH\BaseModel.php(638): CodeIgniter\Model->doFindAll(0, 0)
 4 APPPATH\Models\BusinessModel.php(74): CodeIgniter\BaseModel->findAll()
 5 APPPATH\Controllers\BuyerController.php(30): App\Models\BusinessModel->searchBusinessesAndProducts('supreme')
 6 SYSTEMPATH\CodeIgniter.php(943): App\Controllers\BuyerController->index()
 7 SYSTEMPATH\CodeIgniter.php(503): CodeIgniter\CodeIgniter->runController(Object(App\Controllers\BuyerController))
 8 SYSTEMPATH\CodeIgniter.php(361): CodeIgniter\CodeIgniter->handleRequest(null, Object(Config\Cache), false)
 9 FCPATH\index.php(79): CodeIgniter\CodeIgniter->run()
CRITICAL - 2024-11-10 20:00:38 --> [Caused by] CodeIgniter\Database\Exceptions\DatabaseException: Not unique table/alias: 'businessad'
in SYSTEMPATH\Database\MySQLi\Connection.php on line 311.
 1 SYSTEMPATH\Database\BaseConnection.php(693): CodeIgniter\Database\MySQLi\Connection->execute('SELECT `seller`.`SellerID`, `seller`.`BusinessName`, `seller`.`BusinessType`, `seller`.`BusinessCategory`, `businessad`.`ProductDetails`, `businessad`.`Cost`, `businessad`.`Availability`, `businessad`.`CoverPhoto`
FROM `businessad`
JOIN `businessad` ON `seller`.`SellerID` = `businessad`.`SellerID`
WHERE   (
`seller`.`BusinessName` LIKE \'%supreme%\' ESCAPE \'!\'
OR  `businessad`.`ProductDetails` LIKE \'%supreme%\' ESCAPE \'!\'
 )')
 2 SYSTEMPATH\Database\BaseConnection.php(607): CodeIgniter\Database\BaseConnection->simpleQuery('SELECT `seller`.`SellerID`, `seller`.`BusinessName`, `seller`.`BusinessType`, `seller`.`BusinessCategory`, `businessad`.`ProductDetails`, `businessad`.`Cost`, `businessad`.`Availability`, `businessad`.`CoverPhoto`
FROM `businessad`
JOIN `businessad` ON `seller`.`SellerID` = `businessad`.`SellerID`
WHERE   (
`seller`.`BusinessName` LIKE \'%supreme%\' ESCAPE \'!\'
OR  `businessad`.`ProductDetails` LIKE \'%supreme%\' ESCAPE \'!\'
 )')
 3 SYSTEMPATH\Database\BaseBuilder.php(1616): CodeIgniter\Database\BaseConnection->query('SELECT `seller`.`SellerID`, `seller`.`BusinessName`, `seller`.`BusinessType`, `seller`.`BusinessCategory`, `businessad`.`ProductDetails`, `businessad`.`Cost`, `businessad`.`Availability`, `businessad`.`CoverPhoto`
FROM `businessad`
JOIN `businessad` ON `seller`.`SellerID` = `businessad`.`SellerID`
WHERE   (
`seller`.`BusinessName` LIKE :seller.BusinessName: ESCAPE \'!\'
OR  `businessad`.`ProductDetails` LIKE :businessad.ProductDetails: ESCAPE \'!\'
 )', [...], false)
 4 SYSTEMPATH\Model.php(243): CodeIgniter\Database\BaseBuilder->get()
 5 SYSTEMPATH\BaseModel.php(638): CodeIgniter\Model->doFindAll(0, 0)
 6 APPPATH\Models\BusinessModel.php(74): CodeIgniter\BaseModel->findAll()
 7 APPPATH\Controllers\BuyerController.php(30): App\Models\BusinessModel->searchBusinessesAndProducts('supreme')
 8 SYSTEMPATH\CodeIgniter.php(943): App\Controllers\BuyerController->index()
 9 SYSTEMPATH\CodeIgniter.php(503): CodeIgniter\CodeIgniter->runController(Object(App\Controllers\BuyerController))
10 SYSTEMPATH\CodeIgniter.php(361): CodeIgniter\CodeIgniter->handleRequest(null, Object(Config\Cache), false)
11 FCPATH\index.php(79): CodeIgniter\CodeIgniter->run()
CRITICAL - 2024-11-10 20:00:38 --> [Caused by] mysqli_sql_exception: Not unique table/alias: 'businessad'
in SYSTEMPATH\Database\MySQLi\Connection.php on line 306.
 1 SYSTEMPATH\Database\MySQLi\Connection.php(306): mysqli->query('SELECT `seller`.`SellerID`, `seller`.`BusinessName`, `seller`.`BusinessType`, `seller`.`BusinessCategory`, `businessad`.`ProductDetails`, `businessad`.`Cost`, `businessad`.`Availability`, `businessad`.`CoverPhoto`
FROM `businessad`
JOIN `businessad` ON `seller`.`SellerID` = `businessad`.`SellerID`
WHERE   (
`seller`.`BusinessName` LIKE \'%supreme%\' ESCAPE \'!\'
OR  `businessad`.`ProductDetails` LIKE \'%supreme%\' ESCAPE \'!\'
 )', 0)
 2 SYSTEMPATH\Database\BaseConnection.php(693): CodeIgniter\Database\MySQLi\Connection->execute('SELECT `seller`.`SellerID`, `seller`.`BusinessName`, `seller`.`BusinessType`, `seller`.`BusinessCategory`, `businessad`.`ProductDetails`, `businessad`.`Cost`, `businessad`.`Availability`, `businessad`.`CoverPhoto`
FROM `businessad`
JOIN `businessad` ON `seller`.`SellerID` = `businessad`.`SellerID`
WHERE   (
`seller`.`BusinessName` LIKE \'%supreme%\' ESCAPE \'!\'
OR  `businessad`.`ProductDetails` LIKE \'%supreme%\' ESCAPE \'!\'
 )')
 3 SYSTEMPATH\Database\BaseConnection.php(607): CodeIgniter\Database\BaseConnection->simpleQuery('SELECT `seller`.`SellerID`, `seller`.`BusinessName`, `seller`.`BusinessType`, `seller`.`BusinessCategory`, `businessad`.`ProductDetails`, `businessad`.`Cost`, `businessad`.`Availability`, `businessad`.`CoverPhoto`
FROM `businessad`
JOIN `businessad` ON `seller`.`SellerID` = `businessad`.`SellerID`
WHERE   (
`seller`.`BusinessName` LIKE \'%supreme%\' ESCAPE \'!\'
OR  `businessad`.`ProductDetails` LIKE \'%supreme%\' ESCAPE \'!\'
 )')
 4 SYSTEMPATH\Database\BaseBuilder.php(1616): CodeIgniter\Database\BaseConnection->query('SELECT `seller`.`SellerID`, `seller`.`BusinessName`, `seller`.`BusinessType`, `seller`.`BusinessCategory`, `businessad`.`ProductDetails`, `businessad`.`Cost`, `businessad`.`Availability`, `businessad`.`CoverPhoto`
FROM `businessad`
JOIN `businessad` ON `seller`.`SellerID` = `businessad`.`SellerID`
WHERE   (
`seller`.`BusinessName` LIKE :seller.BusinessName: ESCAPE \'!\'
OR  `businessad`.`ProductDetails` LIKE :businessad.ProductDetails: ESCAPE \'!\'
 )', [...], false)
 5 SYSTEMPATH\Model.php(243): CodeIgniter\Database\BaseBuilder->get()
 6 SYSTEMPATH\BaseModel.php(638): CodeIgniter\Model->doFindAll(0, 0)
 7 APPPATH\Models\BusinessModel.php(74): CodeIgniter\BaseModel->findAll()
 8 APPPATH\Controllers\BuyerController.php(30): App\Models\BusinessModel->searchBusinessesAndProducts('supreme')
 9 SYSTEMPATH\CodeIgniter.php(943): App\Controllers\BuyerController->index()
10 SYSTEMPATH\CodeIgniter.php(503): CodeIgniter\CodeIgniter->runController(Object(App\Controllers\BuyerController))
11 SYSTEMPATH\CodeIgniter.php(361): CodeIgniter\CodeIgniter->handleRequest(null, Object(Config\Cache), false)
12 FCPATH\index.php(79): CodeIgniter\CodeIgniter->run()
INFO - 2024-11-10 20:05:16 --> Session: Class initialized using 'CodeIgniter\Session\Handlers\FileHandler' driver.
ERROR - 2024-11-10 20:05:16 --> mysqli_sql_exception: Not unique table/alias: 'businessad' in C:\xampp\htdocs\ShopUSC\shopuscapp\system\Database\MySQLi\Connection.php:306
Stack trace:
#0 C:\xampp\htdocs\ShopUSC\shopuscapp\system\Database\MySQLi\Connection.php(306): mysqli->query('SELECT `seller`...', 0)
#1 C:\xampp\htdocs\ShopUSC\shopuscapp\system\Database\BaseConnection.php(693): CodeIgniter\Database\MySQLi\Connection->execute('SELECT `seller`...')
#2 C:\xampp\htdocs\ShopUSC\shopuscapp\system\Database\BaseConnection.php(607): CodeIgniter\Database\BaseConnection->simpleQuery('SELECT `seller`...')
#3 C:\xampp\htdocs\ShopUSC\shopuscapp\system\Database\BaseBuilder.php(1616): CodeIgniter\Database\BaseConnection->query('SELECT `seller`...', Array, false)
#4 C:\xampp\htdocs\ShopUSC\shopuscapp\system\Model.php(243): CodeIgniter\Database\BaseBuilder->get()
#5 C:\xampp\htdocs\ShopUSC\shopuscapp\system\BaseModel.php(638): CodeIgniter\Model->doFindAll(0, 0)
#6 C:\xampp\htdocs\ShopUSC\shopuscapp\app\Models\BusinessModel.php(74): CodeIgniter\BaseModel->findAll()
#7 C:\xampp\htdocs\ShopUSC\shopuscapp\app\Controllers\BuyerController.php(30): App\Models\BusinessModel->searchBusinessesAndProducts('supreme')
#8 C:\xampp\htdocs\ShopUSC\shopuscapp\system\CodeIgniter.php(943): App\Controllers\BuyerController->index()
#9 C:\xampp\htdocs\ShopUSC\shopuscapp\system\CodeIgniter.php(503): CodeIgniter\CodeIgniter->runController(Object(App\Controllers\BuyerController))
#10 C:\xampp\htdocs\ShopUSC\shopuscapp\system\CodeIgniter.php(361): CodeIgniter\CodeIgniter->handleRequest(NULL, Object(Config\Cache), false)
#11 C:\xampp\htdocs\ShopUSC\shopuscapp\public\index.php(79): CodeIgniter\CodeIgniter->run()
#12 {main}
CRITICAL - 2024-11-10 20:05:16 --> CodeIgniter\Database\Exceptions\DatabaseException: Not unique table/alias: 'businessad'
in SYSTEMPATH\Database\BaseConnection.php on line 647.
 1 SYSTEMPATH\Database\BaseBuilder.php(1616): CodeIgniter\Database\BaseConnection->query('SELECT `seller`.*, `businessad`.*
FROM `businessad`
JOIN `businessad` ON `seller`.`SellerID` = `businessad`.`SellerID`
WHERE   (
`seller`.`BuinessName` LIKE :seller.BuinessName: ESCAPE \'!\'
OR  `businessad`.`ProductDetails` LIKE :businessad.ProductDetails: ESCAPE \'!\'
 )', [...], false)
 2 SYSTEMPATH\Model.php(243): CodeIgniter\Database\BaseBuilder->get()
 3 SYSTEMPATH\BaseModel.php(638): CodeIgniter\Model->doFindAll(0, 0)
 4 APPPATH\Models\BusinessModel.php(74): CodeIgniter\BaseModel->findAll()
 5 APPPATH\Controllers\BuyerController.php(30): App\Models\BusinessModel->searchBusinessesAndProducts('supreme')
 6 SYSTEMPATH\CodeIgniter.php(943): App\Controllers\BuyerController->index()
 7 SYSTEMPATH\CodeIgniter.php(503): CodeIgniter\CodeIgniter->runController(Object(App\Controllers\BuyerController))
 8 SYSTEMPATH\CodeIgniter.php(361): CodeIgniter\CodeIgniter->handleRequest(null, Object(Config\Cache), false)
 9 FCPATH\index.php(79): CodeIgniter\CodeIgniter->run()
CRITICAL - 2024-11-10 20:05:16 --> [Caused by] CodeIgniter\Database\Exceptions\DatabaseException: Not unique table/alias: 'businessad'
in SYSTEMPATH\Database\MySQLi\Connection.php on line 311.
 1 SYSTEMPATH\Database\BaseConnection.php(693): CodeIgniter\Database\MySQLi\Connection->execute('SELECT `seller`.*, `businessad`.*
FROM `businessad`
JOIN `businessad` ON `seller`.`SellerID` = `businessad`.`SellerID`
WHERE   (
`seller`.`BuinessName` LIKE \'%supreme%\' ESCAPE \'!\'
OR  `businessad`.`ProductDetails` LIKE \'%supreme%\' ESCAPE \'!\'
 )')
 2 SYSTEMPATH\Database\BaseConnection.php(607): CodeIgniter\Database\BaseConnection->simpleQuery('SELECT `seller`.*, `businessad`.*
FROM `businessad`
JOIN `businessad` ON `seller`.`SellerID` = `businessad`.`SellerID`
WHERE   (
`seller`.`BuinessName` LIKE \'%supreme%\' ESCAPE \'!\'
OR  `businessad`.`ProductDetails` LIKE \'%supreme%\' ESCAPE \'!\'
 )')
 3 SYSTEMPATH\Database\BaseBuilder.php(1616): CodeIgniter\Database\BaseConnection->query('SELECT `seller`.*, `businessad`.*
FROM `businessad`
JOIN `businessad` ON `seller`.`SellerID` = `businessad`.`SellerID`
WHERE   (
`seller`.`BuinessName` LIKE :seller.BuinessName: ESCAPE \'!\'
OR  `businessad`.`ProductDetails` LIKE :businessad.ProductDetails: ESCAPE \'!\'
 )', [...], false)
 4 SYSTEMPATH\Model.php(243): CodeIgniter\Database\BaseBuilder->get()
 5 SYSTEMPATH\BaseModel.php(638): CodeIgniter\Model->doFindAll(0, 0)
 6 APPPATH\Models\BusinessModel.php(74): CodeIgniter\BaseModel->findAll()
 7 APPPATH\Controllers\BuyerController.php(30): App\Models\BusinessModel->searchBusinessesAndProducts('supreme')
 8 SYSTEMPATH\CodeIgniter.php(943): App\Controllers\BuyerController->index()
 9 SYSTEMPATH\CodeIgniter.php(503): CodeIgniter\CodeIgniter->runController(Object(App\Controllers\BuyerController))
10 SYSTEMPATH\CodeIgniter.php(361): CodeIgniter\CodeIgniter->handleRequest(null, Object(Config\Cache), false)
11 FCPATH\index.php(79): CodeIgniter\CodeIgniter->run()
CRITICAL - 2024-11-10 20:05:16 --> [Caused by] mysqli_sql_exception: Not unique table/alias: 'businessad'
in SYSTEMPATH\Database\MySQLi\Connection.php on line 306.
 1 SYSTEMPATH\Database\MySQLi\Connection.php(306): mysqli->query('SELECT `seller`.*, `businessad`.*
FROM `businessad`
JOIN `businessad` ON `seller`.`SellerID` = `businessad`.`SellerID`
WHERE   (
`seller`.`BuinessName` LIKE \'%supreme%\' ESCAPE \'!\'
OR  `businessad`.`ProductDetails` LIKE \'%supreme%\' ESCAPE \'!\'
 )', 0)
 2 SYSTEMPATH\Database\BaseConnection.php(693): CodeIgniter\Database\MySQLi\Connection->execute('SELECT `seller`.*, `businessad`.*
FROM `businessad`
JOIN `businessad` ON `seller`.`SellerID` = `businessad`.`SellerID`
WHERE   (
`seller`.`BuinessName` LIKE \'%supreme%\' ESCAPE \'!\'
OR  `businessad`.`ProductDetails` LIKE \'%supreme%\' ESCAPE \'!\'
 )')
 3 SYSTEMPATH\Database\BaseConnection.php(607): CodeIgniter\Database\BaseConnection->simpleQuery('SELECT `seller`.*, `businessad`.*
FROM `businessad`
JOIN `businessad` ON `seller`.`SellerID` = `businessad`.`SellerID`
WHERE   (
`seller`.`BuinessName` LIKE \'%supreme%\' ESCAPE \'!\'
OR  `businessad`.`ProductDetails` LIKE \'%supreme%\' ESCAPE \'!\'
 )')
 4 SYSTEMPATH\Database\BaseBuilder.php(1616): CodeIgniter\Database\BaseConnection->query('SELECT `seller`.*, `businessad`.*
FROM `businessad`
JOIN `businessad` ON `seller`.`SellerID` = `businessad`.`SellerID`
WHERE   (
`seller`.`BuinessName` LIKE :seller.BuinessName: ESCAPE \'!\'
OR  `businessad`.`ProductDetails` LIKE :businessad.ProductDetails: ESCAPE \'!\'
 )', [...], false)
 5 SYSTEMPATH\Model.php(243): CodeIgniter\Database\BaseBuilder->get()
 6 SYSTEMPATH\BaseModel.php(638): CodeIgniter\Model->doFindAll(0, 0)
 7 APPPATH\Models\BusinessModel.php(74): CodeIgniter\BaseModel->findAll()
 8 APPPATH\Controllers\BuyerController.php(30): App\Models\BusinessModel->searchBusinessesAndProducts('supreme')
 9 SYSTEMPATH\CodeIgniter.php(943): App\Controllers\BuyerController->index()
10 SYSTEMPATH\CodeIgniter.php(503): CodeIgniter\CodeIgniter->runController(Object(App\Controllers\BuyerController))
11 SYSTEMPATH\CodeIgniter.php(361): CodeIgniter\CodeIgniter->handleRequest(null, Object(Config\Cache), false)
12 FCPATH\index.php(79): CodeIgniter\CodeIgniter->run()
INFO - 2024-11-10 20:07:21 --> Session: Class initialized using 'CodeIgniter\Session\Handlers\FileHandler' driver.
CRITICAL - 2024-11-10 20:07:21 --> ErrorException: Undefined array key "BusinessCategory"
in APPPATH\Views\business_listing.php on line 51.
 1 APPPATH\Views\business_listing.php(51): CodeIgniter\Debug\Exceptions->errorHandler(2, 'Undefined array key "BusinessCategory"', 'C:\\xampp\\htdocs\\ShopUSC\\shopuscapp\\app\\Views\\business_listing.php', 51)
 2 SYSTEMPATH\View\View.php(228): include('C:\\xampp\\htdocs\\ShopUSC\\shopuscapp\\app\\Views\\business_listing.php')
 3 SYSTEMPATH\View\View.php(231): CodeIgniter\View\View->CodeIgniter\View\{closure}()
 4 SYSTEMPATH\Common.php(1178): CodeIgniter\View\View->render('business_listing', [], true)
 5 APPPATH\Controllers\BuyerController.php(41): view('business_listing', [...])
 6 SYSTEMPATH\CodeIgniter.php(943): App\Controllers\BuyerController->index()
 7 SYSTEMPATH\CodeIgniter.php(503): CodeIgniter\CodeIgniter->runController(Object(App\Controllers\BuyerController))
 8 SYSTEMPATH\CodeIgniter.php(361): CodeIgniter\CodeIgniter->handleRequest(null, Object(Config\Cache), false)
 9 FCPATH\index.php(79): CodeIgniter\CodeIgniter->run()
INFO - 2024-11-10 20:08:08 --> Session: Class initialized using 'CodeIgniter\Session\Handlers\FileHandler' driver.
INFO - 2024-11-10 20:08:27 --> Session: Class initialized using 'CodeIgniter\Session\Handlers\FileHandler' driver.
INFO - 2024-11-10 20:08:27 --> Session: Class initialized using 'CodeIgniter\Session\Handlers\FileHandler' driver.
INFO - 2024-11-10 20:08:31 --> Session: Class initialized using 'CodeIgniter\Session\Handlers\FileHandler' driver.
INFO - 2024-11-10 20:08:34 --> Session: Class initialized using 'CodeIgniter\Session\Handlers\FileHandler' driver.
INFO - 2024-11-10 20:08:38 --> Session: Class initialized using 'CodeIgniter\Session\Handlers\FileHandler' driver.
INFO - 2024-11-10 20:08:42 --> Session: Class initialized using 'CodeIgniter\Session\Handlers\FileHandler' driver.
INFO - 2024-11-10 20:08:50 --> Session: Class initialized using 'CodeIgniter\Session\Handlers\FileHandler' driver.
INFO - 2024-11-10 20:08:53 --> Session: Class initialized using 'CodeIgniter\Session\Handlers\FileHandler' driver.
INFO - 2024-11-10 20:09:04 --> Session: Class initialized using 'CodeIgniter\Session\Handlers\FileHandler' driver.
INFO - 2024-11-10 20:09:15 --> Session: Class initialized using 'CodeIgniter\Session\Handlers\FileHandler' driver.
INFO - 2024-11-10 20:09:17 --> Session: Class initialized using 'CodeIgniter\Session\Handlers\FileHandler' driver.
INFO - 2024-11-10 20:11:33 --> Session: Class initialized using 'CodeIgniter\Session\Handlers\FileHandler' driver.
INFO - 2024-11-10 20:11:38 --> Session: Class initialized using 'CodeIgniter\Session\Handlers\FileHandler' driver.
INFO - 2024-11-10 20:11:42 --> Session: Class initialized using 'CodeIgniter\Session\Handlers\FileHandler' driver.
INFO - 2024-11-10 20:11:48 --> Session: Class initialized using 'CodeIgniter\Session\Handlers\FileHandler' driver.
INFO - 2024-11-10 20:11:50 --> Session: Class initialized using 'CodeIgniter\Session\Handlers\FileHandler' driver.
INFO - 2024-11-10 20:12:29 --> Session: Class initialized using 'CodeIgniter\Session\Handlers\FileHandler' driver.
INFO - 2024-11-10 20:12:31 --> Session: Class initialized using 'CodeIgniter\Session\Handlers\FileHandler' driver.
INFO - 2024-11-10 20:13:52 --> Session: Class initialized using 'CodeIgniter\Session\Handlers\FileHandler' driver.
INFO - 2024-11-10 20:13:57 --> Session: Class initialized using 'CodeIgniter\Session\Handlers\FileHandler' driver.
INFO - 2024-11-10 20:14:03 --> Session: Class initialized using 'CodeIgniter\Session\Handlers\FileHandler' driver.
INFO - 2024-11-10 20:14:12 --> Session: Class initialized using 'CodeIgniter\Session\Handlers\FileHandler' driver.
INFO - 2024-11-10 20:14:14 --> Session: Class initialized using 'CodeIgniter\Session\Handlers\FileHandler' driver.
INFO - 2024-11-10 20:14:15 --> Session: Class initialized using 'CodeIgniter\Session\Handlers\FileHandler' driver.
INFO - 2024-11-10 20:14:16 --> Session: Class initialized using 'CodeIgniter\Session\Handlers\FileHandler' driver.
INFO - 2024-11-10 20:14:36 --> Session: Class initialized using 'CodeIgniter\Session\Handlers\FileHandler' driver.
INFO - 2024-11-10 20:14:37 --> Session: Class initialized using 'CodeIgniter\Session\Handlers\FileHandler' driver.
INFO - 2024-11-10 20:14:52 --> Session: Class initialized using 'CodeIgniter\Session\Handlers\FileHandler' driver.
INFO - 2024-11-10 20:15:04 --> Session: Class initialized using 'CodeIgniter\Session\Handlers\FileHandler' driver.
INFO - 2024-11-10 20:15:09 --> Session: Class initialized using 'CodeIgniter\Session\Handlers\FileHandler' driver.
INFO - 2024-11-10 20:15:20 --> Session: Class initialized using 'CodeIgniter\Session\Handlers\FileHandler' driver.
INFO - 2024-11-10 20:15:35 --> Session: Class initialized using 'CodeIgniter\Session\Handlers\FileHandler' driver.
INFO - 2024-11-10 20:15:43 --> Session: Class initialized using 'CodeIgniter\Session\Handlers\FileHandler' driver.
INFO - 2024-11-10 20:15:45 --> Session: Class initialized using 'CodeIgniter\Session\Handlers\FileHandler' driver.
INFO - 2024-11-10 20:15:48 --> Session: Class initialized using 'CodeIgniter\Session\Handlers\FileHandler' driver.
INFO - 2024-11-10 20:16:06 --> Session: Class initialized using 'CodeIgniter\Session\Handlers\FileHandler' driver.
INFO - 2024-11-10 20:16:06 --> Session: Class initialized using 'CodeIgniter\Session\Handlers\FileHandler' driver.
