INFO - 2024-10-24 02:26:30 --> Session: Class initialized using 'CodeIgniter\Session\Handlers\FileHandler' driver.
INFO - 2024-10-24 02:26:30 --> Session: Class initialized using 'CodeIgniter\Session\Handlers\FileHandler' driver.
CRITICAL - 2024-10-24 02:26:30 --> ErrorException: Undefined variable $SellerID
in APPPATH\Controllers\SellerController.php on line 26.
 1 APPPATH\Controllers\SellerController.php(26): CodeIgniter\Debug\Exceptions->errorHandler(2, 'Undefined variable $SellerID', 'C:\\xampp\\htdocs\\ShopUSC\\shopuscapp\\app\\Controllers\\SellerController.php', 26)
 2 SYSTEMPATH\CodeIgniter.php(943): App\Controllers\SellerController->index()
 3 SYSTEMPATH\CodeIgniter.php(503): CodeIgniter\CodeIgniter->runController(Object(App\Controllers\SellerController))
 4 SYSTEMPATH\CodeIgniter.php(361): CodeIgniter\CodeIgniter->handleRequest(null, Object(Config\Cache), false)
 5 FCPATH\index.php(79): CodeIgniter\CodeIgniter->run()
INFO - 2024-10-24 02:29:26 --> Session: Class initialized using 'CodeIgniter\Session\Handlers\FileHandler' driver.
CRITICAL - 2024-10-24 02:29:26 --> TypeError: CodeIgniter\Database\BaseResult::getFirstRow(): Argument #1 ($type) must be of type string, null given, called in C:\xampp\htdocs\ShopUSC\shopuscapp\system\Model.php on line 271
in SYSTEMPATH\Database\BaseResult.php on line 399.
 1 SYSTEMPATH\Model.php(271): CodeIgniter\Database\BaseResult->getFirstRow(null)
 2 SYSTEMPATH\BaseModel.php(676): CodeIgniter\Model->doFirst()
 3 APPPATH\Models\BusinessModel.php(32): CodeIgniter\BaseModel->first()
 4 APPPATH\Controllers\SellerController.php(26): App\Models\BusinessModel->getAdBySeller('2')
 5 SYSTEMPATH\CodeIgniter.php(943): App\Controllers\SellerController->index()
 6 SYSTEMPATH\CodeIgniter.php(503): CodeIgniter\CodeIgniter->runController(Object(App\Controllers\SellerController))
 7 SYSTEMPATH\CodeIgniter.php(361): CodeIgniter\CodeIgniter->handleRequest(null, Object(Config\Cache), false)
 8 FCPATH\index.php(79): CodeIgniter\CodeIgniter->run()
INFO - 2024-10-24 02:30:00 --> Session: Class initialized using 'CodeIgniter\Session\Handlers\FileHandler' driver.
INFO - 2024-10-24 02:30:00 --> Session: Class initialized using 'CodeIgniter\Session\Handlers\FileHandler' driver.
CRITICAL - 2024-10-24 02:30:00 --> TypeError: CodeIgniter\Database\BaseResult::getFirstRow(): Argument #1 ($type) must be of type string, null given, called in C:\xampp\htdocs\ShopUSC\shopuscapp\system\Model.php on line 271
in SYSTEMPATH\Database\BaseResult.php on line 399.
 1 SYSTEMPATH\Model.php(271): CodeIgniter\Database\BaseResult->getFirstRow(null)
 2 SYSTEMPATH\BaseModel.php(676): CodeIgniter\Model->doFirst()
 3 APPPATH\Models\BusinessModel.php(32): CodeIgniter\BaseModel->first()
 4 APPPATH\Controllers\SellerController.php(26): App\Models\BusinessModel->getAdBySeller('2')
 5 SYSTEMPATH\CodeIgniter.php(943): App\Controllers\SellerController->index()
 6 SYSTEMPATH\CodeIgniter.php(503): CodeIgniter\CodeIgniter->runController(Object(App\Controllers\SellerController))
 7 SYSTEMPATH\CodeIgniter.php(361): CodeIgniter\CodeIgniter->handleRequest(null, Object(Config\Cache), false)
 8 FCPATH\index.php(79): CodeIgniter\CodeIgniter->run()
INFO - 2024-10-24 02:33:57 --> Session: Class initialized using 'CodeIgniter\Session\Handlers\FileHandler' driver.
CRITICAL - 2024-10-24 02:33:57 --> TypeError: CodeIgniter\Database\BaseResult::getFirstRow(): Argument #1 ($type) must be of type string, null given, called in C:\xampp\htdocs\ShopUSC\shopuscapp\system\Model.php on line 271
in SYSTEMPATH\Database\BaseResult.php on line 399.
 1 SYSTEMPATH\Model.php(271): CodeIgniter\Database\BaseResult->getFirstRow(null)
 2 SYSTEMPATH\BaseModel.php(676): CodeIgniter\Model->doFirst()
 3 APPPATH\Models\BusinessModel.php(32): CodeIgniter\BaseModel->first()
 4 APPPATH\Controllers\SellerController.php(26): App\Models\BusinessModel->getAdBySeller('2')
 5 SYSTEMPATH\CodeIgniter.php(943): App\Controllers\SellerController->index()
 6 SYSTEMPATH\CodeIgniter.php(503): CodeIgniter\CodeIgniter->runController(Object(App\Controllers\SellerController))
 7 SYSTEMPATH\CodeIgniter.php(361): CodeIgniter\CodeIgniter->handleRequest(null, Object(Config\Cache), false)
 8 FCPATH\index.php(79): CodeIgniter\CodeIgniter->run()
INFO - 2024-10-24 02:41:07 --> Session: Class initialized using 'CodeIgniter\Session\Handlers\FileHandler' driver.
CRITICAL - 2024-10-24 02:41:07 --> TypeError: CodeIgniter\Database\BaseResult::getFirstRow(): Argument #1 ($type) must be of type string, null given, called in C:\xampp\htdocs\ShopUSC\shopuscapp\system\Model.php on line 271
in SYSTEMPATH\Database\BaseResult.php on line 399.
 1 SYSTEMPATH\Model.php(271): CodeIgniter\Database\BaseResult->getFirstRow(null)
 2 SYSTEMPATH\BaseModel.php(676): CodeIgniter\Model->doFirst()
 3 APPPATH\Models\BusinessModel.php(32): CodeIgniter\BaseModel->first()
 4 APPPATH\Controllers\SellerController.php(26): App\Models\BusinessModel->getAdBySeller('2')
 5 SYSTEMPATH\CodeIgniter.php(943): App\Controllers\SellerController->index()
 6 SYSTEMPATH\CodeIgniter.php(503): CodeIgniter\CodeIgniter->runController(Object(App\Controllers\SellerController))
 7 SYSTEMPATH\CodeIgniter.php(361): CodeIgniter\CodeIgniter->handleRequest(null, Object(Config\Cache), false)
 8 FCPATH\index.php(79): CodeIgniter\CodeIgniter->run()
INFO - 2024-10-24 02:41:37 --> Session: Class initialized using 'CodeIgniter\Session\Handlers\FileHandler' driver.
INFO - 2024-10-24 02:41:37 --> Session: Class initialized using 'CodeIgniter\Session\Handlers\FileHandler' driver.
CRITICAL - 2024-10-24 02:41:37 --> TypeError: CodeIgniter\Database\BaseResult::getFirstRow(): Argument #1 ($type) must be of type string, null given, called in C:\xampp\htdocs\ShopUSC\shopuscapp\system\Model.php on line 271
in SYSTEMPATH\Database\BaseResult.php on line 399.
 1 SYSTEMPATH\Model.php(271): CodeIgniter\Database\BaseResult->getFirstRow(null)
 2 SYSTEMPATH\BaseModel.php(676): CodeIgniter\Model->doFirst()
 3 APPPATH\Models\BusinessModel.php(32): CodeIgniter\BaseModel->first()
 4 APPPATH\Controllers\SellerController.php(26): App\Models\BusinessModel->getAdBySeller('2')
 5 SYSTEMPATH\CodeIgniter.php(943): App\Controllers\SellerController->index()
 6 SYSTEMPATH\CodeIgniter.php(503): CodeIgniter\CodeIgniter->runController(Object(App\Controllers\SellerController))
 7 SYSTEMPATH\CodeIgniter.php(361): CodeIgniter\CodeIgniter->handleRequest(null, Object(Config\Cache), false)
 8 FCPATH\index.php(79): CodeIgniter\CodeIgniter->run()
INFO - 2024-10-24 02:43:59 --> Session: Class initialized using 'CodeIgniter\Session\Handlers\FileHandler' driver.
CRITICAL - 2024-10-24 02:43:59 --> BadMethodCallException: Call to undefined method App\Models\BusinessModel::getAdBySeller
in SYSTEMPATH\Model.php on line 879.
 1 APPPATH\Controllers\SellerController.php(26): CodeIgniter\Model->__call('getAdBySeller', [...])
 2 SYSTEMPATH\CodeIgniter.php(943): App\Controllers\SellerController->index()
 3 SYSTEMPATH\CodeIgniter.php(503): CodeIgniter\CodeIgniter->runController(Object(App\Controllers\SellerController))
 4 SYSTEMPATH\CodeIgniter.php(361): CodeIgniter\CodeIgniter->handleRequest(null, Object(Config\Cache), false)
 5 FCPATH\index.php(79): CodeIgniter\CodeIgniter->run()
INFO - 2024-10-24 02:45:39 --> Session: Class initialized using 'CodeIgniter\Session\Handlers\FileHandler' driver.
CRITICAL - 2024-10-24 02:45:39 --> Error: Call to a member function table() on null
in APPPATH\Models\BusinessModel.php on line 38.
 1 APPPATH\Controllers\SellerController.php(26): App\Models\BusinessModel->getAdBySeller('2')
 2 SYSTEMPATH\CodeIgniter.php(943): App\Controllers\SellerController->index()
 3 SYSTEMPATH\CodeIgniter.php(503): CodeIgniter\CodeIgniter->runController(Object(App\Controllers\SellerController))
 4 SYSTEMPATH\CodeIgniter.php(361): CodeIgniter\CodeIgniter->handleRequest(null, Object(Config\Cache), false)
 5 FCPATH\index.php(79): CodeIgniter\CodeIgniter->run()
INFO - 2024-10-24 02:48:08 --> Session: Class initialized using 'CodeIgniter\Session\Handlers\FileHandler' driver.
CRITICAL - 2024-10-24 02:48:08 --> TypeError: CodeIgniter\Database\BaseResult::getFirstRow(): Argument #1 ($type) must be of type string, null given, called in C:\xampp\htdocs\ShopUSC\shopuscapp\system\Model.php on line 271
in SYSTEMPATH\Database\BaseResult.php on line 399.
 1 SYSTEMPATH\Model.php(271): CodeIgniter\Database\BaseResult->getFirstRow(null)
 2 SYSTEMPATH\BaseModel.php(676): CodeIgniter\Model->doFirst()
 3 APPPATH\Models\BusinessModel.php(32): CodeIgniter\BaseModel->first()
 4 APPPATH\Controllers\SellerController.php(26): App\Models\BusinessModel->getAdBySeller('2')
 5 SYSTEMPATH\CodeIgniter.php(943): App\Controllers\SellerController->index()
 6 SYSTEMPATH\CodeIgniter.php(503): CodeIgniter\CodeIgniter->runController(Object(App\Controllers\SellerController))
 7 SYSTEMPATH\CodeIgniter.php(361): CodeIgniter\CodeIgniter->handleRequest(null, Object(Config\Cache), false)
 8 FCPATH\index.php(79): CodeIgniter\CodeIgniter->run()
INFO - 2024-10-24 02:49:53 --> Session: Class initialized using 'CodeIgniter\Session\Handlers\FileHandler' driver.
CRITICAL - 2024-10-24 02:49:53 --> TypeError: CodeIgniter\Database\BaseResult::getFirstRow(): Argument #1 ($type) must be of type string, null given, called in C:\xampp\htdocs\ShopUSC\shopuscapp\system\Model.php on line 271
in SYSTEMPATH\Database\BaseResult.php on line 399.
 1 SYSTEMPATH\Model.php(271): CodeIgniter\Database\BaseResult->getFirstRow(null)
 2 SYSTEMPATH\BaseModel.php(676): CodeIgniter\Model->doFirst()
 3 APPPATH\Models\BusinessModel.php(32): CodeIgniter\BaseModel->first()
 4 APPPATH\Controllers\SellerController.php(26): App\Models\BusinessModel->getAdBySeller('2')
 5 SYSTEMPATH\CodeIgniter.php(943): App\Controllers\SellerController->index()
 6 SYSTEMPATH\CodeIgniter.php(503): CodeIgniter\CodeIgniter->runController(Object(App\Controllers\SellerController))
 7 SYSTEMPATH\CodeIgniter.php(361): CodeIgniter\CodeIgniter->handleRequest(null, Object(Config\Cache), false)
 8 FCPATH\index.php(79): CodeIgniter\CodeIgniter->run()
INFO - 2024-10-24 02:50:10 --> Session: Class initialized using 'CodeIgniter\Session\Handlers\FileHandler' driver.
INFO - 2024-10-24 02:50:10 --> Session: Class initialized using 'CodeIgniter\Session\Handlers\FileHandler' driver.
CRITICAL - 2024-10-24 02:50:10 --> TypeError: CodeIgniter\Database\BaseResult::getFirstRow(): Argument #1 ($type) must be of type string, null given, called in C:\xampp\htdocs\ShopUSC\shopuscapp\system\Model.php on line 271
in SYSTEMPATH\Database\BaseResult.php on line 399.
 1 SYSTEMPATH\Model.php(271): CodeIgniter\Database\BaseResult->getFirstRow(null)
 2 SYSTEMPATH\BaseModel.php(676): CodeIgniter\Model->doFirst()
 3 APPPATH\Models\BusinessModel.php(32): CodeIgniter\BaseModel->first()
 4 APPPATH\Controllers\SellerController.php(26): App\Models\BusinessModel->getAdBySeller('2')
 5 SYSTEMPATH\CodeIgniter.php(943): App\Controllers\SellerController->index()
 6 SYSTEMPATH\CodeIgniter.php(503): CodeIgniter\CodeIgniter->runController(Object(App\Controllers\SellerController))
 7 SYSTEMPATH\CodeIgniter.php(361): CodeIgniter\CodeIgniter->handleRequest(null, Object(Config\Cache), false)
 8 FCPATH\index.php(79): CodeIgniter\CodeIgniter->run()
INFO - 2024-10-24 02:55:47 --> Session: Class initialized using 'CodeIgniter\Session\Handlers\FileHandler' driver.
CRITICAL - 2024-10-24 02:55:47 --> TypeError: CodeIgniter\Database\BaseResult::getFirstRow(): Argument #1 ($type) must be of type string, null given, called in C:\xampp\htdocs\ShopUSC\shopuscapp\system\Model.php on line 271
in SYSTEMPATH\Database\BaseResult.php on line 399.
 1 SYSTEMPATH\Model.php(271): CodeIgniter\Database\BaseResult->getFirstRow(null)
 2 SYSTEMPATH\BaseModel.php(676): CodeIgniter\Model->doFirst()
 3 APPPATH\Models\BusinessModel.php(32): CodeIgniter\BaseModel->first()
 4 APPPATH\Controllers\SellerController.php(26): App\Models\BusinessModel->getAdBySeller('2')
 5 SYSTEMPATH\CodeIgniter.php(943): App\Controllers\SellerController->index()
 6 SYSTEMPATH\CodeIgniter.php(503): CodeIgniter\CodeIgniter->runController(Object(App\Controllers\SellerController))
 7 SYSTEMPATH\CodeIgniter.php(361): CodeIgniter\CodeIgniter->handleRequest(null, Object(Config\Cache), false)
 8 FCPATH\index.php(79): CodeIgniter\CodeIgniter->run()
INFO - 2024-10-24 02:55:48 --> Session: Class initialized using 'CodeIgniter\Session\Handlers\FileHandler' driver.
CRITICAL - 2024-10-24 02:55:48 --> TypeError: CodeIgniter\Database\BaseResult::getFirstRow(): Argument #1 ($type) must be of type string, null given, called in C:\xampp\htdocs\ShopUSC\shopuscapp\system\Model.php on line 271
in SYSTEMPATH\Database\BaseResult.php on line 399.
 1 SYSTEMPATH\Model.php(271): CodeIgniter\Database\BaseResult->getFirstRow(null)
 2 SYSTEMPATH\BaseModel.php(676): CodeIgniter\Model->doFirst()
 3 APPPATH\Models\BusinessModel.php(32): CodeIgniter\BaseModel->first()
 4 APPPATH\Controllers\SellerController.php(26): App\Models\BusinessModel->getAdBySeller('2')
 5 SYSTEMPATH\CodeIgniter.php(943): App\Controllers\SellerController->index()
 6 SYSTEMPATH\CodeIgniter.php(503): CodeIgniter\CodeIgniter->runController(Object(App\Controllers\SellerController))
 7 SYSTEMPATH\CodeIgniter.php(361): CodeIgniter\CodeIgniter->handleRequest(null, Object(Config\Cache), false)
 8 FCPATH\index.php(79): CodeIgniter\CodeIgniter->run()
INFO - 2024-10-24 02:56:18 --> Session: Class initialized using 'CodeIgniter\Session\Handlers\FileHandler' driver.
CRITICAL - 2024-10-24 02:56:18 --> ErrorException: Undefined variable $ad
in APPPATH\Controllers\SellerController.php on line 33.
 1 APPPATH\Controllers\SellerController.php(33): CodeIgniter\Debug\Exceptions->errorHandler(2, 'Undefined variable $ad', 'C:\\xampp\\htdocs\\ShopUSC\\shopuscapp\\app\\Controllers\\SellerController.php', 33)
 2 SYSTEMPATH\CodeIgniter.php(943): App\Controllers\SellerController->index()
 3 SYSTEMPATH\CodeIgniter.php(503): CodeIgniter\CodeIgniter->runController(Object(App\Controllers\SellerController))
 4 SYSTEMPATH\CodeIgniter.php(361): CodeIgniter\CodeIgniter->handleRequest(null, Object(Config\Cache), false)
 5 FCPATH\index.php(79): CodeIgniter\CodeIgniter->run()
INFO - 2024-10-24 02:56:32 --> Session: Class initialized using 'CodeIgniter\Session\Handlers\FileHandler' driver.
CRITICAL - 2024-10-24 02:56:32 --> ErrorException: Undefined variable $ad
in APPPATH\Views\seller_dashboard.php on line 73.
 1 APPPATH\Views\seller_dashboard.php(73): CodeIgniter\Debug\Exceptions->errorHandler(2, 'Undefined variable $ad', 'C:\\xampp\\htdocs\\ShopUSC\\shopuscapp\\app\\Views\\seller_dashboard.php', 73)
 2 SYSTEMPATH\View\View.php(228): include('C:\\xampp\\htdocs\\ShopUSC\\shopuscapp\\app\\Views\\seller_dashboard.php')
 3 SYSTEMPATH\View\View.php(231): CodeIgniter\View\View->CodeIgniter\View\{closure}()
 4 SYSTEMPATH\Common.php(1178): CodeIgniter\View\View->render('seller_dashboard', [], true)
 5 APPPATH\Controllers\SellerController.php(35): view('seller_dashboard', [...])
 6 SYSTEMPATH\CodeIgniter.php(943): App\Controllers\SellerController->index()
 7 SYSTEMPATH\CodeIgniter.php(503): CodeIgniter\CodeIgniter->runController(Object(App\Controllers\SellerController))
 8 SYSTEMPATH\CodeIgniter.php(361): CodeIgniter\CodeIgniter->handleRequest(null, Object(Config\Cache), false)
 9 FCPATH\index.php(79): CodeIgniter\CodeIgniter->run()
INFO - 2024-10-24 02:56:45 --> Session: Class initialized using 'CodeIgniter\Session\Handlers\FileHandler' driver.
CRITICAL - 2024-10-24 02:56:45 --> TypeError: CodeIgniter\Database\BaseResult::getFirstRow(): Argument #1 ($type) must be of type string, null given, called in C:\xampp\htdocs\ShopUSC\shopuscapp\system\Model.php on line 271
in SYSTEMPATH\Database\BaseResult.php on line 399.
 1 SYSTEMPATH\Model.php(271): CodeIgniter\Database\BaseResult->getFirstRow(null)
 2 SYSTEMPATH\BaseModel.php(676): CodeIgniter\Model->doFirst()
 3 APPPATH\Models\BusinessModel.php(32): CodeIgniter\BaseModel->first()
 4 APPPATH\Controllers\SellerController.php(26): App\Models\BusinessModel->getAdBySeller('2')
 5 SYSTEMPATH\CodeIgniter.php(943): App\Controllers\SellerController->index()
 6 SYSTEMPATH\CodeIgniter.php(503): CodeIgniter\CodeIgniter->runController(Object(App\Controllers\SellerController))
 7 SYSTEMPATH\CodeIgniter.php(361): CodeIgniter\CodeIgniter->handleRequest(null, Object(Config\Cache), false)
 8 FCPATH\index.php(79): CodeIgniter\CodeIgniter->run()
INFO - 2024-10-24 03:18:01 --> Session: Class initialized using 'CodeIgniter\Session\Handlers\FileHandler' driver.
CRITICAL - 2024-10-24 03:18:01 --> BadMethodCallException: Call to undefined method App\Models\BusinessModel::getAdBySeller
in SYSTEMPATH\Model.php on line 879.
 1 APPPATH\Controllers\SellerController.php(26): CodeIgniter\Model->__call('getAdBySeller', [...])
 2 SYSTEMPATH\CodeIgniter.php(943): App\Controllers\SellerController->index()
 3 SYSTEMPATH\CodeIgniter.php(503): CodeIgniter\CodeIgniter->runController(Object(App\Controllers\SellerController))
 4 SYSTEMPATH\CodeIgniter.php(361): CodeIgniter\CodeIgniter->handleRequest(null, Object(Config\Cache), false)
 5 FCPATH\index.php(79): CodeIgniter\CodeIgniter->run()
INFO - 2024-10-24 03:19:18 --> Session: Class initialized using 'CodeIgniter\Session\Handlers\FileHandler' driver.
INFO - 2024-10-24 03:19:18 --> Session: Class initialized using 'CodeIgniter\Session\Handlers\FileHandler' driver.
CRITICAL - 2024-10-24 03:19:18 --> BadMethodCallException: Call to undefined method App\Models\BusinessModel::getAdBySeller
in SYSTEMPATH\Model.php on line 879.
 1 APPPATH\Controllers\SellerController.php(26): CodeIgniter\Model->__call('getAdBySeller', [...])
 2 SYSTEMPATH\CodeIgniter.php(943): App\Controllers\SellerController->index()
 3 SYSTEMPATH\CodeIgniter.php(503): CodeIgniter\CodeIgniter->runController(Object(App\Controllers\SellerController))
 4 SYSTEMPATH\CodeIgniter.php(361): CodeIgniter\CodeIgniter->handleRequest(null, Object(Config\Cache), false)
 5 FCPATH\index.php(79): CodeIgniter\CodeIgniter->run()
INFO - 2024-10-24 03:19:48 --> Session: Class initialized using 'CodeIgniter\Session\Handlers\FileHandler' driver.
WARNING - 2024-10-24 03:24:05 --> [DEPRECATED] Creation of dynamic property App\Controllers\SellerController::$businessModel is deprecated in APPPATH\Controllers\SellerController.php on line 41.
 1 SYSTEMPATH\CodeIgniter.php(943): App\Controllers\SellerController->postAd()
 2 SYSTEMPATH\CodeIgniter.php(503): CodeIgniter\CodeIgniter->runController(Object(App\Controllers\SellerController))
 3 SYSTEMPATH\CodeIgniter.php(361): CodeIgniter\CodeIgniter->handleRequest(null, Object(Config\Cache), false)
 4 FCPATH\index.php(79): CodeIgniter\CodeIgniter->run()
CRITICAL - 2024-10-24 03:24:05 --> Error: Call to a member function isValid() on array
in APPPATH\Controllers\SellerController.php on line 53.
 1 SYSTEMPATH\CodeIgniter.php(943): App\Controllers\SellerController->postAd()
 2 SYSTEMPATH\CodeIgniter.php(503): CodeIgniter\CodeIgniter->runController(Object(App\Controllers\SellerController))
 3 SYSTEMPATH\CodeIgniter.php(361): CodeIgniter\CodeIgniter->handleRequest(null, Object(Config\Cache), false)
 4 FCPATH\index.php(79): CodeIgniter\CodeIgniter->run()
INFO - 2024-10-24 03:27:28 --> Session: Class initialized using 'CodeIgniter\Session\Handlers\FileHandler' driver.
INFO - 2024-10-24 03:27:28 --> Session: Class initialized using 'CodeIgniter\Session\Handlers\FileHandler' driver.
WARNING - 2024-10-24 03:29:52 --> [DEPRECATED] Creation of dynamic property App\Controllers\SellerController::$businessModel is deprecated in APPPATH\Controllers\SellerController.php on line 41.
 1 SYSTEMPATH\CodeIgniter.php(943): App\Controllers\SellerController->postAd()
 2 SYSTEMPATH\CodeIgniter.php(503): CodeIgniter\CodeIgniter->runController(Object(App\Controllers\SellerController))
 3 SYSTEMPATH\CodeIgniter.php(361): CodeIgniter\CodeIgniter->handleRequest(null, Object(Config\Cache), false)
 4 FCPATH\index.php(79): CodeIgniter\CodeIgniter->run()
CRITICAL - 2024-10-24 03:29:52 --> Error: Call to a member function isValid() on array
in APPPATH\Controllers\SellerController.php on line 53.
 1 SYSTEMPATH\CodeIgniter.php(943): App\Controllers\SellerController->postAd()
 2 SYSTEMPATH\CodeIgniter.php(503): CodeIgniter\CodeIgniter->runController(Object(App\Controllers\SellerController))
 3 SYSTEMPATH\CodeIgniter.php(361): CodeIgniter\CodeIgniter->handleRequest(null, Object(Config\Cache), false)
 4 FCPATH\index.php(79): CodeIgniter\CodeIgniter->run()
INFO - 2024-10-24 03:37:03 --> Session: Class initialized using 'CodeIgniter\Session\Handlers\FileHandler' driver.
WARNING - 2024-10-24 03:37:43 --> [DEPRECATED] Creation of dynamic property App\Controllers\SellerController::$businessModel is deprecated in APPPATH\Controllers\SellerController.php on line 41.
 1 SYSTEMPATH\CodeIgniter.php(943): App\Controllers\SellerController->postAd()
 2 SYSTEMPATH\CodeIgniter.php(503): CodeIgniter\CodeIgniter->runController(Object(App\Controllers\SellerController))
 3 SYSTEMPATH\CodeIgniter.php(361): CodeIgniter\CodeIgniter->handleRequest(null, Object(Config\Cache), false)
 4 FCPATH\index.php(79): CodeIgniter\CodeIgniter->run()
CRITICAL - 2024-10-24 03:37:43 --> Error: Call to a member function isValid() on array
in APPPATH\Controllers\SellerController.php on line 53.
 1 SYSTEMPATH\CodeIgniter.php(943): App\Controllers\SellerController->postAd()
 2 SYSTEMPATH\CodeIgniter.php(503): CodeIgniter\CodeIgniter->runController(Object(App\Controllers\SellerController))
 3 SYSTEMPATH\CodeIgniter.php(361): CodeIgniter\CodeIgniter->handleRequest(null, Object(Config\Cache), false)
 4 FCPATH\index.php(79): CodeIgniter\CodeIgniter->run()
INFO - 2024-10-24 03:37:50 --> Session: Class initialized using 'CodeIgniter\Session\Handlers\FileHandler' driver.
WARNING - 2024-10-24 03:38:42 --> [DEPRECATED] Creation of dynamic property App\Controllers\SellerController::$businessModel is deprecated in APPPATH\Controllers\SellerController.php on line 41.
 1 SYSTEMPATH\CodeIgniter.php(943): App\Controllers\SellerController->postAd()
 2 SYSTEMPATH\CodeIgniter.php(503): CodeIgniter\CodeIgniter->runController(Object(App\Controllers\SellerController))
 3 SYSTEMPATH\CodeIgniter.php(361): CodeIgniter\CodeIgniter->handleRequest(null, Object(Config\Cache), false)
 4 FCPATH\index.php(79): CodeIgniter\CodeIgniter->run()
CRITICAL - 2024-10-24 03:38:42 --> Error: Call to a member function isValid() on array
in APPPATH\Controllers\SellerController.php on line 53.
 1 SYSTEMPATH\CodeIgniter.php(943): App\Controllers\SellerController->postAd()
 2 SYSTEMPATH\CodeIgniter.php(503): CodeIgniter\CodeIgniter->runController(Object(App\Controllers\SellerController))
 3 SYSTEMPATH\CodeIgniter.php(361): CodeIgniter\CodeIgniter->handleRequest(null, Object(Config\Cache), false)
 4 FCPATH\index.php(79): CodeIgniter\CodeIgniter->run()
INFO - 2024-10-24 03:40:37 --> Session: Class initialized using 'CodeIgniter\Session\Handlers\FileHandler' driver.
WARNING - 2024-10-24 03:41:55 --> [DEPRECATED] Creation of dynamic property App\Controllers\SellerController::$businessModel is deprecated in APPPATH\Controllers\SellerController.php on line 41.
 1 SYSTEMPATH\CodeIgniter.php(943): App\Controllers\SellerController->postAd()
 2 SYSTEMPATH\CodeIgniter.php(503): CodeIgniter\CodeIgniter->runController(Object(App\Controllers\SellerController))
 3 SYSTEMPATH\CodeIgniter.php(361): CodeIgniter\CodeIgniter->handleRequest(null, Object(Config\Cache), false)
 4 FCPATH\index.php(79): CodeIgniter\CodeIgniter->run()
CRITICAL - 2024-10-24 03:41:55 --> Error: Call to a member function isValid() on array
in APPPATH\Controllers\SellerController.php on line 53.
 1 SYSTEMPATH\CodeIgniter.php(943): App\Controllers\SellerController->postAd()
 2 SYSTEMPATH\CodeIgniter.php(503): CodeIgniter\CodeIgniter->runController(Object(App\Controllers\SellerController))
 3 SYSTEMPATH\CodeIgniter.php(361): CodeIgniter\CodeIgniter->handleRequest(null, Object(Config\Cache), false)
 4 FCPATH\index.php(79): CodeIgniter\CodeIgniter->run()
INFO - 2024-10-24 03:44:33 --> Session: Class initialized using 'CodeIgniter\Session\Handlers\FileHandler' driver.
WARNING - 2024-10-24 03:44:55 --> [DEPRECATED] Creation of dynamic property App\Controllers\SellerController::$businessModel is deprecated in APPPATH\Controllers\SellerController.php on line 41.
 1 SYSTEMPATH\CodeIgniter.php(943): App\Controllers\SellerController->postAd()
 2 SYSTEMPATH\CodeIgniter.php(503): CodeIgniter\CodeIgniter->runController(Object(App\Controllers\SellerController))
 3 SYSTEMPATH\CodeIgniter.php(361): CodeIgniter\CodeIgniter->handleRequest(null, Object(Config\Cache), false)
 4 FCPATH\index.php(79): CodeIgniter\CodeIgniter->run()
CRITICAL - 2024-10-24 03:44:55 --> Error: Call to a member function isValid() on array
in APPPATH\Controllers\SellerController.php on line 53.
 1 SYSTEMPATH\CodeIgniter.php(943): App\Controllers\SellerController->postAd()
 2 SYSTEMPATH\CodeIgniter.php(503): CodeIgniter\CodeIgniter->runController(Object(App\Controllers\SellerController))
 3 SYSTEMPATH\CodeIgniter.php(361): CodeIgniter\CodeIgniter->handleRequest(null, Object(Config\Cache), false)
 4 FCPATH\index.php(79): CodeIgniter\CodeIgniter->run()
INFO - 2024-10-24 03:50:28 --> Session: Class initialized using 'CodeIgniter\Session\Handlers\FileHandler' driver.
WARNING - 2024-10-24 03:50:47 --> [DEPRECATED] Creation of dynamic property App\Controllers\SellerController::$businessModel is deprecated in APPPATH\Controllers\SellerController.php on line 41.
 1 SYSTEMPATH\CodeIgniter.php(943): App\Controllers\SellerController->postAd()
 2 SYSTEMPATH\CodeIgniter.php(503): CodeIgniter\CodeIgniter->runController(Object(App\Controllers\SellerController))
 3 SYSTEMPATH\CodeIgniter.php(361): CodeIgniter\CodeIgniter->handleRequest(null, Object(Config\Cache), false)
 4 FCPATH\index.php(79): CodeIgniter\CodeIgniter->run()
INFO - 2024-10-24 03:50:47 --> Session: Class initialized using 'CodeIgniter\Session\Handlers\FileHandler' driver.
INFO - 2024-10-24 03:50:47 --> Session: Class initialized using 'CodeIgniter\Session\Handlers\FileHandler' driver.
INFO - 2024-10-24 03:51:26 --> Session: Class initialized using 'CodeIgniter\Session\Handlers\FileHandler' driver.
INFO - 2024-10-24 03:52:18 --> Session: Class initialized using 'CodeIgniter\Session\Handlers\FileHandler' driver.
INFO - 2024-10-24 03:52:18 --> Session: Class initialized using 'CodeIgniter\Session\Handlers\FileHandler' driver.
